#
# A fatal error has been detected by the Java Runtime Environment:
#
#  EXCEPTION_ACCESS_VIOLATION (0xc0000005) at pc=0x00007fff8062dd20, pid=8516, tid=7420
#
# JRE version: OpenJDK Runtime Environment Temurin-21.0.6+7 (21.0.6+7) (build 21.0.6+7-LTS)
# Java VM: OpenJDK 64-Bit Server VM Temurin-21.0.6+7 (21.0.6+7-LTS, mixed mode, sharing, tiered, compressed oops, compressed class ptrs, g1 gc, windows-amd64)
# Problematic frame:
# C  [imgui-java64.dll+0x19dd20]
#
# No core dump will be written. Minidumps are not enabled by default on client versions of Windows
#
# If you would like to submit a bug report, please visit:
#   https://github.com/adoptium/adoptium-support/issues
# The crash happened outside the Java Virtual Machine in native code.
# See problematic frame for where to report the bug.
#

---------------  S U M M A R Y ------------

Command Line: -Dfile.encoding=UTF-8 -Duser.country=EC -Duser.language=es -Duser.variant shadingblank.Launcher

Host: Intel(R) Celeron(R) CPU  J3060  @ 1.60GHz, 2 cores, 3G,  Windows 10 , 64 bit Build 19041 (10.0.19041.5915)
Time: Sat Nov 22 18:56:17 2025 Hora est. Pacífico, Sudamérica elapsed time: 13.671284 seconds (0d 0h 0m 13s)

---------------  T H R E A D  ---------------

Current thread (0x000001d8ef914f80):  JavaThread "main"             [_thread_in_native, id=7420, stack(0x000000a25fc00000,0x000000a25fd00000) (1024K)]

Stack: [0x000000a25fc00000,0x000000a25fd00000],  sp=0x000000a25fcff010,  free space=1020k
Native frames: (J=compiled Java code, j=interpreted, Vv=VM code, C=native code)
C  [imgui-java64.dll+0x19dd20]

Java frames: (J=compiled Java code, j=interpreted, Vv=VM code)
j  imgui.ImGui.nCheckbox(Ljava/lang/String;[Z)Z+0
j  imgui.ImGui.checkbox(Ljava/lang/String;Limgui/type/ImBoolean;)Z+13
j  shadingblank.workspace.ui.AddNodePanel.update()V+98
j  shadingblank.workspace.ui.ToolsModule.treeNode(Ljava/lang/String;)V+8
j  shadingblank.workspace.ui.MainSpace.update()V+304
j  shadingblank.imguiconfig.GuiContext.render(Ljava/util/List;)V+44
j  shadingblank.Window.update()V+62
j  shadingblank.Motor.update()V+18
j  shadingblank.Motor.start()V+54
j  shadingblank.Launcher.main([Ljava/lang/String;)V+22
v  ~StubRoutines::call_stub 0x000001d887531015

siginfo: EXCEPTION_ACCESS_VIOLATION (0xc0000005), reading address 0x0000000000000000


Registers:
RAX=0x0000000000000000, RBX=0x000001d8d583db10, RCX=0x000000a25fcfeff0, RDX=0x00000000ff000000
RSP=0x000000a25fcff010, RBP=0x00000000616181d8, RSI=0x000001d8d490d5d0, RDI=0x0000000000000000
R8 =0x000000000000002a, R9 =0x00000000fffa9642, R10=0x000001d8d583e320, R11=0x000000000000000f
R12=0x000000a25fcff080, R13=0x000000a25fcff078, R14=0x000001d8d57e2320, R15=0x0000000000000000
RIP=0x00007fff8062dd20, EFLAGS=0x0000000000010246

XMM[0]=0x0000000000000000 0x00000000437f8000
XMM[1]=0x0000000000000000 0x0000000000000000
XMM[2]=0x0000000000000000 0x000000003e84871d
XMM[3]=0x0000000000000000 0x000000003f000000
XMM[4]=0x0000000000000000 0x000000003f800000
XMM[5]=0x3c0000003e030000 0x43d177934452a001
XMM[6]=0x0000000000000000 0x0000000041e00000
XMM[7]=0x0000000000000000 0x43ca800044574000
XMM[8]=0x0000000000000000 0x0000000041980000
XMM[9]=0x0000000000000000 0x43ca800043ca8000
XMM[10]=0x0000000000000000 0x43ca800044528000
XMM[11]=0x0000000000000000 0x0000000040a00000
XMM[12]=0x43ca800043ca8000 0x43d4000044574000
XMM[13]=0x0000000000000000 0x0000000000000000
XMM[14]=0x0000000000000000 0x0000000000000000
XMM[15]=0x0000000000000000 0x0000000000000000
  MXCSR=0x00001fa3


Register to memory mapping:

RAX=0x0 is null
RBX=0x000001d8d583db10 points into unknown readable memory: 0x000001d8d57e2320 | 20 23 7e d5 d8 01 00 00
RCX=0x000000a25fcfeff0 is pointing into the stack for thread: 0x000001d8ef914f80
RDX=0x00000000ff000000 is an unallocated location in the heap
RSP=0x000000a25fcff010 is pointing into the stack for thread: 0x000001d8ef914f80
RBP=0x00000000616181d8 is an unknown value
RSI=0x000001d8d490d5d0 points into unknown readable memory: 0x0000000065646f6e | 6e 6f 64 65 00 00 00 00
RDI=0x0 is null
R8 =0x000000000000002a is an unknown value
R9 =0x00000000fffa9642 is an unallocated location in the heap
R10=0x000001d8d583e320 points into unknown readable memory: 0x0000000000000000 | 00 00 00 00 00 00 00 00
R11=0x000000000000000f is an unknown value
R12=0x000000a25fcff080 is pointing into the stack for thread: 0x000001d8ef914f80
R13=0x000000a25fcff078 is pointing into the stack for thread: 0x000001d8ef914f80
R14=0x000001d8d57e2320 points into unknown readable memory: 0x000001d8ed810101 | 01 01 81 ed d8 01 00 00
R15=0x0 is null

Top of Stack: (sp=0x000000a25fcff010)
0x000000a25fcff010:   43ca800044528000 43d4000044574000
0x000000a25fcff020:   000000a25fcff06e 000000a25fcff06f
0x000000a25fcff030:   0000000040a00000 00007fff86a7f9f1
0x000000a25fcff040:   43ca800000000000 43d4000044574000
0x000000a25fcff050:   43ca800044528000 43d4000044574000
0x000000a25fcff060:   0000000000000009 00007fff8647faf6
0x000000a25fcff070:   0000000000000001 41980000424c0000
0x000000a25fcff080:   43ca800044528000 43d40000445f4000
0x000000a25fcff090:   bffced9eaaa53fd7 0000000000000000
0x000000a25fcff0a0:   bedaaa868126bc6a 0000000000000000
0x000000a25fcff0b0:   0000000000000000 0000000000000000
0x000000a25fcff0c0:   0000000000000000 0000000000000000
0x000000a25fcff0d0:   0000000000000000 0000000000000000
0x000000a25fcff0e0:   0000000000000000 0000000000000000
0x000000a25fcff0f0:   0000000000000000 0000000000000000
0x000000a25fcff100:   000000a25fcff250 000001d8ef915338
0x000000a25fcff110:   000000a25fcff250 000001d887538988
0x000000a25fcff120:   0000000000000000 0000000000000000
0x000000a25fcff130:   000001d8d490d5d0 000000a25fcff250
0x000000a25fcff140:   000001d8ef914f80 00007fff8050f62d
0x000000a25fcff150:   0000000000000000 000000a25fcff250
0x000000a25fcff160:   000001d8ef914f80 000001d8ef914f80
0x000000a25fcff170:   000001d887538988 000001d8d059cd28
0x000000a25fcff180:   000001d8d095fa18 000001d887538988
0x000000a25fcff190:   000000a25fcff228 0000000000000000
0x000000a25fcff1a0:   000001d8d059cd28 000001d88753ccb6
0x000000a25fcff1b0:   000001d8d059cd28 000001d8d095fa18
0x000000a25fcff1c0:   3ff0000000000000 000001d8ef914f80
0x000000a25fcff1d0:   000001d8d095fa18 000001d88753c95f
0x000000a25fcff1e0:   000000a25fcff1e0 000001d8d059cd28
0x000000a25fcff1f0:   0000000000000005 000001d8d05f0000
0x000000a25fcff200:   0000000000000000 00000000c5e20590 

Instructions: (pc=0x00007fff8062dd20)
0x00007fff8062dc20:   00 48 8b 8b e8 02 00 00 48 8d 54 24 60 4d 89 e8
0x00007fff8062dc30:   f3 0f 2a c0 0f 10 c8 f3 0f c2 ca 06 0f 54 c1 0f
0x00007fff8062dc40:   55 ca 0f 56 c1 f3 41 0f 10 8e 3c 3a 00 00 c7 44
0x00007fff8062dc50:   24 28 00 00 00 00 0f c6 c0 e0 44 0f 5c e0 41 0f
0x00007fff8062dc60:   58 c2 f3 0f 11 4c 24 20 44 0f 13 64 24 68 0f 13
0x00007fff8062dc70:   44 24 60 e8 b8 0d f4 ff 41 80 be 88 62 00 00 00
0x00007fff8062dc80:   f3 41 0f 58 be 4c 3a 00 00 48 8d 15 15 07 3b 00
0x00007fff8062dc90:   f3 45 0f 58 8e 38 3a 00 00 41 0f 14 f9 0f 13 7c
0x00007fff8062dca0:   24 68 74 0b 45 31 c0 4c 89 e9 e8 41 bb e9 ff 66
0x00007fff8062dcb0:   0f ef c0 0f 2f f0 0f 86 2e fd ff ff 48 8b 4c 24
0x00007fff8062dcc0:   68 41 b9 01 00 00 00 45 31 c0 48 89 f2 e8 0e bd
0x00007fff8062dcd0:   e9 ff e9 13 fd ff ff 66 0f 1f 84 00 00 00 00 00
0x00007fff8062dce0:   66 0f ef c0 e9 e2 fd ff ff 0f 1f 80 00 00 00 00
0x00007fff8062dcf0:   b9 09 00 00 00 84 c0 0f 85 bd fe ff ff e9 b5 fe
0x00007fff8062dd00:   ff ff 66 0f 1f 44 00 00 80 37 01 89 e9 e8 de 67
0x00007fff8062dd10:   e8 ff e9 33 fe ff ff 66 0f 1f 84 00 00 00 00 00
0x00007fff8062dd20:   80 3f 00 74 50 41 0f 10 c0 f3 0f 5e 05 7b 21 3b
0x00007fff8062dd30:   00 f3 0f 2c c0 66 0f ef c0 f3 0f 10 0d cb 20 3b
0x00007fff8062dd40:   00 f3 0f 2a c0 0f 2f c8 73 76 0f 10 d0 f3 0f 58
0x00007fff8062dd50:   d0 41 0f 10 d8 0f c6 c0 e0 41 0f 58 c2 48 8b 8b
0x00007fff8062dd60:   e8 02 00 00 f3 0f 5c da 45 89 c8 66 48 0f 7e c2
0x00007fff8062dd70:   e8 1b ed f4 ff f3 41 0f 58 be 4c 3a 00 00 41 80
0x00007fff8062dd80:   be 88 62 00 00 00 f3 45 0f 58 8e 38 3a 00 00 41
0x00007fff8062dd90:   0f 14 f9 0f 13 7c 24 68 0f 84 11 ff ff ff 80 3f
0x00007fff8062dda0:   00 48 8d 15 01 06 3b 00 48 8d 05 fe 05 3b 00 48
0x00007fff8062ddb0:   0f 45 d0 e9 ec fe ff ff 0f 1f 84 00 00 00 00 00
0x00007fff8062ddc0:   f3 0f 10 15 40 20 3b 00 0f 10 c1 eb 84 0f 1f 00
0x00007fff8062ddd0:   56 53 48 83 ec 38 8b 02 44 21 c0 48 89 d6 44 89
0x00007fff8062dde0:   c3 41 39 c0 0f 94 44 24 2f 74 04 85 c0 75 29 48
0x00007fff8062ddf0:   8d 54 24 2f e8 77 fb ff ff 84 c0 74 0d 80 7c 24
0x00007fff8062de00:   2f 00 8b 16 74 32 09 d3 89 1e 48 83 c4 38 5b 5e
0x00007fff8062de10:   c3 0f 1f 80 00 00 00 00 48 8b 05 91 e8 3d 00 48 


Stack slot to memory mapping:

stack at sp + 0 slots: 0x43ca800044528000 is an unknown value
stack at sp + 1 slots: 0x43d4000044574000 is an unknown value
stack at sp + 2 slots: 0x000000a25fcff06e is pointing into the stack for thread: 0x000001d8ef914f80
stack at sp + 3 slots: 0x000000a25fcff06f is pointing into the stack for thread: 0x000001d8ef914f80
stack at sp + 4 slots: 0x0000000040a00000 is an unknown value
stack at sp + 5 slots: 0x00007fff86a7f9f1 jvm.dll
stack at sp + 6 slots: 0x43ca800000000000 is an unknown value
stack at sp + 7 slots: 0x43d4000044574000 is an unknown value


---------------  P R O C E S S  ---------------

Threads class SMR info:
_java_thread_list=0x000001d8d404aba0, length=11, elements={
0x000001d8ef914f80, 0x000001d8ef9de830, 0x000001d8fb2b1640, 0x000001d8fb2b50b0,
0x000001d8fb2b5b00, 0x000001d8fb2b6550, 0x000001d8fb2b6fa0, 0x000001d8fb2b7d20,
0x000001d8fb2be8b0, 0x000001d8d407d4b0, 0x000001d8d407dcd0
}

Java Threads: ( => current thread )
=>0x000001d8ef914f80 JavaThread "main"                              [_thread_in_native, id=7420, stack(0x000000a25fc00000,0x000000a25fd00000) (1024K)]
  0x000001d8ef9de830 JavaThread "Reference Handler"          daemon [_thread_blocked, id=980, stack(0x000000a260400000,0x000000a260500000) (1024K)]
  0x000001d8fb2b1640 JavaThread "Finalizer"                  daemon [_thread_blocked, id=10256, stack(0x000000a260500000,0x000000a260600000) (1024K)]
  0x000001d8fb2b50b0 JavaThread "Signal Dispatcher"          daemon [_thread_blocked, id=7820, stack(0x000000a260600000,0x000000a260700000) (1024K)]
  0x000001d8fb2b5b00 JavaThread "Attach Listener"            daemon [_thread_blocked, id=4136, stack(0x000000a260700000,0x000000a260800000) (1024K)]
  0x000001d8fb2b6550 JavaThread "Service Thread"             daemon [_thread_blocked, id=6120, stack(0x000000a260800000,0x000000a260900000) (1024K)]
  0x000001d8fb2b6fa0 JavaThread "Monitor Deflation Thread"   daemon [_thread_blocked, id=9776, stack(0x000000a260900000,0x000000a260a00000) (1024K)]
  0x000001d8fb2b7d20 JavaThread "C2 CompilerThread0"         daemon [_thread_blocked, id=8756, stack(0x000000a260a00000,0x000000a260b00000) (1024K)]
  0x000001d8fb2be8b0 JavaThread "C1 CompilerThread0"         daemon [_thread_blocked, id=10596, stack(0x000000a260b00000,0x000000a260c00000) (1024K)]
  0x000001d8d407d4b0 JavaThread "Notification Thread"        daemon [_thread_blocked, id=10900, stack(0x000000a260c00000,0x000000a260d00000) (1024K)]
  0x000001d8d407dcd0 JavaThread "Common-Cleaner"             daemon [_thread_blocked, id=1424, stack(0x000000a260d00000,0x000000a260e00000) (1024K)]
Total: 11

Other Threads:
  0x000001d8ef94d840 VMThread "VM Thread"                           [id=10316, stack(0x000000a260300000,0x000000a260400000) (1024K)]
  0x000001d8ef9b6f00 WatcherThread "VM Periodic Task Thread"        [id=7316, stack(0x000000a260200000,0x000000a260300000) (1024K)]
  0x000001d8ef94c620 WorkerThread "GC Thread#0"                     [id=7428, stack(0x000000a25fd00000,0x000000a25fe00000) (1024K)]
  0x000001d8ef94d4a0 WorkerThread "GC Thread#1"                     [id=10796, stack(0x000000a261400000,0x000000a261500000) (1024K)]
  0x000001d8ef956e30 ConcurrentGCThread "G1 Main Marker"            [id=6444, stack(0x000000a25fe00000,0x000000a25ff00000) (1024K)]
  0x000001d8ef94d100 WorkerThread "G1 Conc#0"                       [id=11152, stack(0x000000a25ff00000,0x000000a260000000) (1024K)]
  0x000001d8ef9a7a10 ConcurrentGCThread "G1 Refine#0"               [id=988, stack(0x000000a260000000,0x000000a260100000) (1024K)]
  0x000001d8ef9a8730 ConcurrentGCThread "G1 Service"                [id=2696, stack(0x000000a260100000,0x000000a260200000) (1024K)]
Total: 8

Threads with active compile tasks:
Total: 0

VM state: not at safepoint (normal execution)

VM Mutex/Monitor currently owned by a thread: None

Heap address: 0x00000000c2600000, size: 986 MB, Compressed Oops mode: 32-bit

CDS archive(s) mapped at: [0x000001d88f000000-0x000001d88fc80000-0x000001d88fc80000), size 13107200, SharedBaseAddress: 0x000001d88f000000, ArchiveRelocationMode: 1.
Compressed class space mapped at: 0x000001d890000000-0x000001d8d0000000, reserved size: 1073741824
Narrow klass base: 0x000001d88f000000, Narrow klass shift: 0, Narrow klass range: 0x100000000

GC Precious Log:
 CardTable entry size: 512
 Card Set container configuration: InlinePtr #cards 5 size 8 Array Of Cards #cards 12 size 40 Howl #buckets 4 coarsen threshold 1843 Howl Bitmap #cards 512 size 80 coarsen threshold 460 Card regions per heap region 1 cards per card region 2048
 CPUs: 2 total, 2 available
 Memory: 3941M
 Large Page Support: Disabled
 NUMA Support: Disabled
 Compressed Oops: Enabled (32-bit)
 Heap Region Size: 1M
 Heap Min Capacity: 8M
 Heap Initial Capacity: 62M
 Heap Max Capacity: 986M
 Pre-touch: Disabled
 Parallel Workers: 2
 Concurrent Workers: 1
 Concurrent Refinement Workers: 2
 Periodic GC: Disabled

Heap:
 garbage-first heap   total 63488K, used 4105K [0x00000000c2600000, 0x0000000100000000)
  region size 1024K, 5 young (5120K), 1 survivors (1024K)
 Metaspace       used 7588K, committed 7744K, reserved 1114112K
  class space    used 353K, committed 448K, reserved 1048576K

Heap Regions: E=young(eden), S=young(survivor), O=old, HS=humongous(starts), HC=humongous(continues), CS=collection set, F=free, TAMS=top-at-mark-start, PB=parsable bottom
|   0|0x00000000c2600000, 0x00000000c2700000, 0x00000000c2700000|100%| O|  |TAMS 0x00000000c2600000| PB 0x00000000c2600000| Untracked 
|   1|0x00000000c2700000, 0x00000000c27c4d98, 0x00000000c2800000| 76%| O|  |TAMS 0x00000000c2700000| PB 0x00000000c2700000| Untracked 
|   2|0x00000000c2800000, 0x00000000c2800000, 0x00000000c2900000|  0%| F|  |TAMS 0x00000000c2800000| PB 0x00000000c2800000| Untracked 
|   3|0x00000000c2900000, 0x00000000c2900000, 0x00000000c2a00000|  0%| F|  |TAMS 0x00000000c2900000| PB 0x00000000c2900000| Untracked 
|   4|0x00000000c2a00000, 0x00000000c2a00000, 0x00000000c2b00000|  0%| F|  |TAMS 0x00000000c2a00000| PB 0x00000000c2a00000| Untracked 
|   5|0x00000000c2b00000, 0x00000000c2b00000, 0x00000000c2c00000|  0%| F|  |TAMS 0x00000000c2b00000| PB 0x00000000c2b00000| Untracked 
|   6|0x00000000c2c00000, 0x00000000c2c00000, 0x00000000c2d00000|  0%| F|  |TAMS 0x00000000c2c00000| PB 0x00000000c2c00000| Untracked 
|   7|0x00000000c2d00000, 0x00000000c2d00000, 0x00000000c2e00000|  0%| F|  |TAMS 0x00000000c2d00000| PB 0x00000000c2d00000| Untracked 
|   8|0x00000000c2e00000, 0x00000000c2e00000, 0x00000000c2f00000|  0%| F|  |TAMS 0x00000000c2e00000| PB 0x00000000c2e00000| Untracked 
|   9|0x00000000c2f00000, 0x00000000c2f00000, 0x00000000c3000000|  0%| F|  |TAMS 0x00000000c2f00000| PB 0x00000000c2f00000| Untracked 
|  10|0x00000000c3000000, 0x00000000c3000000, 0x00000000c3100000|  0%| F|  |TAMS 0x00000000c3000000| PB 0x00000000c3000000| Untracked 
|  11|0x00000000c3100000, 0x00000000c3100000, 0x00000000c3200000|  0%| F|  |TAMS 0x00000000c3100000| PB 0x00000000c3100000| Untracked 
|  12|0x00000000c3200000, 0x00000000c3200000, 0x00000000c3300000|  0%| F|  |TAMS 0x00000000c3200000| PB 0x00000000c3200000| Untracked 
|  13|0x00000000c3300000, 0x00000000c3300000, 0x00000000c3400000|  0%| F|  |TAMS 0x00000000c3300000| PB 0x00000000c3300000| Untracked 
|  14|0x00000000c3400000, 0x00000000c3400000, 0x00000000c3500000|  0%| F|  |TAMS 0x00000000c3400000| PB 0x00000000c3400000| Untracked 
|  15|0x00000000c3500000, 0x00000000c3500000, 0x00000000c3600000|  0%| F|  |TAMS 0x00000000c3500000| PB 0x00000000c3500000| Untracked 
|  16|0x00000000c3600000, 0x00000000c3600000, 0x00000000c3700000|  0%| F|  |TAMS 0x00000000c3600000| PB 0x00000000c3600000| Untracked 
|  17|0x00000000c3700000, 0x00000000c3700000, 0x00000000c3800000|  0%| F|  |TAMS 0x00000000c3700000| PB 0x00000000c3700000| Untracked 
|  18|0x00000000c3800000, 0x00000000c3800000, 0x00000000c3900000|  0%| F|  |TAMS 0x00000000c3800000| PB 0x00000000c3800000| Untracked 
|  19|0x00000000c3900000, 0x00000000c3900000, 0x00000000c3a00000|  0%| F|  |TAMS 0x00000000c3900000| PB 0x00000000c3900000| Untracked 
|  20|0x00000000c3a00000, 0x00000000c3a00000, 0x00000000c3b00000|  0%| F|  |TAMS 0x00000000c3a00000| PB 0x00000000c3a00000| Untracked 
|  21|0x00000000c3b00000, 0x00000000c3b00000, 0x00000000c3c00000|  0%| F|  |TAMS 0x00000000c3b00000| PB 0x00000000c3b00000| Untracked 
|  22|0x00000000c3c00000, 0x00000000c3c00000, 0x00000000c3d00000|  0%| F|  |TAMS 0x00000000c3c00000| PB 0x00000000c3c00000| Untracked 
|  23|0x00000000c3d00000, 0x00000000c3d00000, 0x00000000c3e00000|  0%| F|  |TAMS 0x00000000c3d00000| PB 0x00000000c3d00000| Untracked 
|  24|0x00000000c3e00000, 0x00000000c3e00000, 0x00000000c3f00000|  0%| F|  |TAMS 0x00000000c3e00000| PB 0x00000000c3e00000| Untracked 
|  25|0x00000000c3f00000, 0x00000000c3f00000, 0x00000000c4000000|  0%| F|  |TAMS 0x00000000c3f00000| PB 0x00000000c3f00000| Untracked 
|  26|0x00000000c4000000, 0x00000000c4000000, 0x00000000c4100000|  0%| F|  |TAMS 0x00000000c4000000| PB 0x00000000c4000000| Untracked 
|  27|0x00000000c4100000, 0x00000000c4100000, 0x00000000c4200000|  0%| F|  |TAMS 0x00000000c4100000| PB 0x00000000c4100000| Untracked 
|  28|0x00000000c4200000, 0x00000000c4200000, 0x00000000c4300000|  0%| F|  |TAMS 0x00000000c4200000| PB 0x00000000c4200000| Untracked 
|  29|0x00000000c4300000, 0x00000000c4300000, 0x00000000c4400000|  0%| F|  |TAMS 0x00000000c4300000| PB 0x00000000c4300000| Untracked 
|  30|0x00000000c4400000, 0x00000000c4400000, 0x00000000c4500000|  0%| F|  |TAMS 0x00000000c4400000| PB 0x00000000c4400000| Untracked 
|  31|0x00000000c4500000, 0x00000000c4500000, 0x00000000c4600000|  0%| F|  |TAMS 0x00000000c4500000| PB 0x00000000c4500000| Untracked 
|  32|0x00000000c4600000, 0x00000000c4600000, 0x00000000c4700000|  0%| F|  |TAMS 0x00000000c4600000| PB 0x00000000c4600000| Untracked 
|  33|0x00000000c4700000, 0x00000000c4700000, 0x00000000c4800000|  0%| F|  |TAMS 0x00000000c4700000| PB 0x00000000c4700000| Untracked 
|  34|0x00000000c4800000, 0x00000000c4800000, 0x00000000c4900000|  0%| F|  |TAMS 0x00000000c4800000| PB 0x00000000c4800000| Untracked 
|  35|0x00000000c4900000, 0x00000000c4900000, 0x00000000c4a00000|  0%| F|  |TAMS 0x00000000c4900000| PB 0x00000000c4900000| Untracked 
|  36|0x00000000c4a00000, 0x00000000c4a00000, 0x00000000c4b00000|  0%| F|  |TAMS 0x00000000c4a00000| PB 0x00000000c4a00000| Untracked 
|  37|0x00000000c4b00000, 0x00000000c4b00000, 0x00000000c4c00000|  0%| F|  |TAMS 0x00000000c4b00000| PB 0x00000000c4b00000| Untracked 
|  38|0x00000000c4c00000, 0x00000000c4c00000, 0x00000000c4d00000|  0%| F|  |TAMS 0x00000000c4c00000| PB 0x00000000c4c00000| Untracked 
|  39|0x00000000c4d00000, 0x00000000c4d00000, 0x00000000c4e00000|  0%| F|  |TAMS 0x00000000c4d00000| PB 0x00000000c4d00000| Untracked 
|  40|0x00000000c4e00000, 0x00000000c4e00000, 0x00000000c4f00000|  0%| F|  |TAMS 0x00000000c4e00000| PB 0x00000000c4e00000| Untracked 
|  41|0x00000000c4f00000, 0x00000000c4f00000, 0x00000000c5000000|  0%| F|  |TAMS 0x00000000c4f00000| PB 0x00000000c4f00000| Untracked 
|  42|0x00000000c5000000, 0x00000000c5000000, 0x00000000c5100000|  0%| F|  |TAMS 0x00000000c5000000| PB 0x00000000c5000000| Untracked 
|  43|0x00000000c5100000, 0x00000000c5100000, 0x00000000c5200000|  0%| F|  |TAMS 0x00000000c5100000| PB 0x00000000c5100000| Untracked 
|  44|0x00000000c5200000, 0x00000000c5200000, 0x00000000c5300000|  0%| F|  |TAMS 0x00000000c5200000| PB 0x00000000c5200000| Untracked 
|  45|0x00000000c5300000, 0x00000000c5300000, 0x00000000c5400000|  0%| F|  |TAMS 0x00000000c5300000| PB 0x00000000c5300000| Untracked 
|  46|0x00000000c5400000, 0x00000000c5400000, 0x00000000c5500000|  0%| F|  |TAMS 0x00000000c5400000| PB 0x00000000c5400000| Untracked 
|  47|0x00000000c5500000, 0x00000000c5500000, 0x00000000c5600000|  0%| F|  |TAMS 0x00000000c5500000| PB 0x00000000c5500000| Untracked 
|  48|0x00000000c5600000, 0x00000000c5600000, 0x00000000c5700000|  0%| F|  |TAMS 0x00000000c5600000| PB 0x00000000c5600000| Untracked 
|  49|0x00000000c5700000, 0x00000000c5700000, 0x00000000c5800000|  0%| F|  |TAMS 0x00000000c5700000| PB 0x00000000c5700000| Untracked 
|  50|0x00000000c5800000, 0x00000000c5800000, 0x00000000c5900000|  0%| F|  |TAMS 0x00000000c5800000| PB 0x00000000c5800000| Untracked 
|  51|0x00000000c5900000, 0x00000000c5900000, 0x00000000c5a00000|  0%| F|  |TAMS 0x00000000c5900000| PB 0x00000000c5900000| Untracked 
|  52|0x00000000c5a00000, 0x00000000c5a00000, 0x00000000c5b00000|  0%| F|  |TAMS 0x00000000c5a00000| PB 0x00000000c5a00000| Untracked 
|  53|0x00000000c5b00000, 0x00000000c5b00000, 0x00000000c5c00000|  0%| F|  |TAMS 0x00000000c5b00000| PB 0x00000000c5b00000| Untracked 
|  54|0x00000000c5c00000, 0x00000000c5c00000, 0x00000000c5d00000|  0%| F|  |TAMS 0x00000000c5c00000| PB 0x00000000c5c00000| Untracked 
|  55|0x00000000c5d00000, 0x00000000c5d00000, 0x00000000c5e00000|  0%| F|  |TAMS 0x00000000c5d00000| PB 0x00000000c5d00000| Untracked 
|  56|0x00000000c5e00000, 0x00000000c5e3da10, 0x00000000c5f00000| 24%| S|CS|TAMS 0x00000000c5e00000| PB 0x00000000c5e00000| Complete 
|  57|0x00000000c5f00000, 0x00000000c5f00000, 0x00000000c6000000|  0%| F|  |TAMS 0x00000000c5f00000| PB 0x00000000c5f00000| Untracked 
|  58|0x00000000c6000000, 0x00000000c60c65c8, 0x00000000c6100000| 77%| E|  |TAMS 0x00000000c6000000| PB 0x00000000c6000000| Complete 
|  59|0x00000000c6100000, 0x00000000c6200000, 0x00000000c6200000|100%| E|CS|TAMS 0x00000000c6100000| PB 0x00000000c6100000| Complete 
|  60|0x00000000c6200000, 0x00000000c6300000, 0x00000000c6300000|100%| E|  |TAMS 0x00000000c6200000| PB 0x00000000c6200000| Complete 
|  61|0x00000000c6300000, 0x00000000c6400000, 0x00000000c6400000|100%| E|CS|TAMS 0x00000000c6300000| PB 0x00000000c6300000| Complete 

Card table byte_map: [0x000001d8ef6d0000,0x000001d8ef8c0000] _byte_map_base: 0x000001d8ef0bd000

Marking Bits: (CMBitMap*) 0x000001d8ef94ea10
 Bits: [0x000001d8f8000000, 0x000001d8f8f68000)

Polling page: 0x000001d8ed770000

Metaspace:

Usage:
  Non-class:      7.06 MB used.
      Class:    353.95 KB used.
       Both:      7.41 MB used.

Virtual space:
  Non-class space:       64.00 MB reserved,       7.12 MB ( 11%) committed,  1 nodes.
      Class space:        1.00 GB reserved,     448.00 KB ( <1%) committed,  1 nodes.
             Both:        1.06 GB reserved,       7.56 MB ( <1%) committed. 

Chunk freelists:
   Non-Class:  6.56 MB
       Class:  15.50 MB
        Both:  22.06 MB

MaxMetaspaceSize: unlimited
CompressedClassSpaceSize: 1.00 GB
Initial GC threshold: 21.00 MB
Current GC threshold: 21.00 MB
CDS: on
 - commit_granule_bytes: 65536.
 - commit_granule_words: 8192.
 - virtual_space_node_default_size: 8388608.
 - enlarge_chunks_in_place: 1.
 - use_allocation_guard: 0.


Internal statistics:

num_allocs_failed_limit: 0.
num_arena_births: 74.
num_arena_deaths: 0.
num_vsnodes_births: 2.
num_vsnodes_deaths: 0.
num_space_committed: 119.
num_space_uncommitted: 0.
num_chunks_returned_to_freelist: 0.
num_chunks_taken_from_freelist: 292.
num_chunk_merges: 0.
num_chunk_splits: 221.
num_chunks_enlarged: 179.
num_inconsistent_stats: 0.

CodeHeap 'non-profiled nmethods': size=120064Kb used=462Kb max_used=462Kb free=119601Kb
 bounds [0x000001d887ac0000, 0x000001d887d30000, 0x000001d88f000000]
CodeHeap 'profiled nmethods': size=120000Kb used=1876Kb max_used=1876Kb free=118123Kb
 bounds [0x000001d880000000, 0x000001d880270000, 0x000001d887530000]
CodeHeap 'non-nmethods': size=5696Kb used=2491Kb max_used=2508Kb free=3204Kb
 bounds [0x000001d887530000, 0x000001d8877b0000, 0x000001d887ac0000]
 total_blobs=2660 nmethods=1282 adapters=1284
 compilation: enabled
              stopped_count=0, restarted_count=0
 full_count=0

Compilation events (20 events):
Event: 13.141 Thread 0x000001d8fb2be8b0 1273       3       org.lwjgl.system.MemoryUtil::memGetDouble (9 bytes)
Event: 13.141 Thread 0x000001d8fb2be8b0 nmethod 1273 0x000001d8801d1590 code [0x000001d8801d1740, 0x000001d8801d1918]
Event: 13.141 Thread 0x000001d8fb2be8b0 1274       3       sun.misc.Unsafe::getDouble (9 bytes)
Event: 13.142 Thread 0x000001d8fb2be8b0 nmethod 1274 0x000001d8801d1a10 code [0x000001d8801d1ba0, 0x000001d8801d1cb0]
Event: 13.256 Thread 0x000001d8fb2b7d20 1275       4       org.lwjgl.opengl.GL15C::glBufferData (15 bytes)
Event: 13.260 Thread 0x000001d8fb2b7d20 nmethod 1275 0x000001d887b33790 code [0x000001d887b33920, 0x000001d887b339e8]
Event: 13.401 Thread 0x000001d8fb2be8b0 1276       3       org.joml.Matrix4f::translation (35 bytes)
Event: 13.403 Thread 0x000001d8fb2be8b0 nmethod 1276 0x000001d8801d1d90 code [0x000001d8801d1f60, 0x000001d8801d2328]
Event: 13.403 Thread 0x000001d8fb2be8b0 1277       3       org.joml.Matrix4f::rotateY (63 bytes)
Event: 13.404 Thread 0x000001d8fb2be8b0 nmethod 1277 0x000001d8801d2490 code [0x000001d8801d26c0, 0x000001d8801d2c60]
Event: 13.404 Thread 0x000001d8fb2be8b0 1278       3       org.joml.Matrix4f::rotateZ (63 bytes)
Event: 13.406 Thread 0x000001d8fb2be8b0 nmethod 1278 0x000001d8801d2e90 code [0x000001d8801d30c0, 0x000001d8801d3660]
Event: 13.406 Thread 0x000001d8fb2be8b0 1279       3       org.joml.Matrix4f::translateGeneric (136 bytes)
Event: 13.408 Thread 0x000001d8fb2be8b0 nmethod 1279 0x000001d8801d3890 code [0x000001d8801d3ae0, 0x000001d8801d44d8]
Event: 13.469 Thread 0x000001d8fb2be8b0 1280       3       imgui.ImGuiViewport::getID (5 bytes)
Event: 13.470 Thread 0x000001d8fb2be8b0 nmethod 1280 0x000001d8801d4810 code [0x000001d8801d49c0, 0x000001d8801d4af8]
Event: 13.486 Thread 0x000001d8fb2be8b0 1281       3       imgui.ImGui::tableHeadersRow (4 bytes)
Event: 13.487 Thread 0x000001d8fb2be8b0 nmethod 1281 0x000001d8801d4b90 code [0x000001d8801d4d40, 0x000001d8801d4e58]
Event: 13.487 Thread 0x000001d8fb2be8b0 1282       3       imgui.ImGui::endTable (4 bytes)
Event: 13.488 Thread 0x000001d8fb2be8b0 nmethod 1282 0x000001d8801d4f10 code [0x000001d8801d50c0, 0x000001d8801d51d8]

GC Heap History (4 events):
Event: 4.389 GC heap before
{Heap before GC invocations=0 (full 0):
 garbage-first heap   total 63488K, used 6144K [0x00000000c2600000, 0x0000000100000000)
  region size 1024K, 6 young (6144K), 0 survivors (0K)
 Metaspace       used 2931K, committed 3072K, reserved 1114112K
  class space    used 179K, committed 256K, reserved 1048576K
}
Event: 4.426 GC heap after
{Heap after GC invocations=1 (full 0):
 garbage-first heap   total 63488K, used 1730K [0x00000000c2600000, 0x0000000100000000)
  region size 1024K, 1 young (1024K), 1 survivors (1024K)
 Metaspace       used 2931K, committed 3072K, reserved 1114112K
  class space    used 179K, committed 256K, reserved 1048576K
}
Event: 6.027 GC heap before
{Heap before GC invocations=1 (full 0):
 garbage-first heap   total 63488K, used 5826K [0x00000000c2600000, 0x0000000100000000)
  region size 1024K, 6 young (6144K), 1 survivors (1024K)
 Metaspace       used 5695K, committed 5824K, reserved 1114112K
  class space    used 286K, committed 320K, reserved 1048576K
}
Event: 6.035 GC heap after
{Heap after GC invocations=2 (full 0):
 garbage-first heap   total 63488K, used 2057K [0x00000000c2600000, 0x0000000100000000)
  region size 1024K, 1 young (1024K), 1 survivors (1024K)
 Metaspace       used 5695K, committed 5824K, reserved 1114112K
  class space    used 286K, committed 320K, reserved 1048576K
}

Dll operation events (11 events):
Event: 0.050 Loaded shared library C:\Program Files\Eclipse Adoptium\jdk-21.0.6.7-hotspot\bin\java.dll
Event: 0.508 Loaded shared library C:\Program Files\Eclipse Adoptium\jdk-21.0.6.7-hotspot\bin\jsvml.dll
Event: 0.863 Loaded shared library C:\Program Files\Eclipse Adoptium\jdk-21.0.6.7-hotspot\bin\net.dll
Event: 0.872 Loaded shared library C:\Program Files\Eclipse Adoptium\jdk-21.0.6.7-hotspot\bin\nio.dll
Event: 0.946 Loaded shared library C:\Program Files\Eclipse Adoptium\jdk-21.0.6.7-hotspot\bin\zip.dll
Event: 1.490 Loaded shared library C:\Program Files\Eclipse Adoptium\jdk-21.0.6.7-hotspot\bin\jimage.dll
Event: 1.614 Loaded shared library C:\Users\USER\AppData\Local\Temp\lwjgl_USER\3.3.6+1\x64\lwjgl.dll
Event: 3.358 Loaded shared library C:\Users\USER\AppData\Local\Temp\lwjgl_USER\3.3.6+1\x64\lwjgl_opengl.dll
Event: 5.472 Loaded shared library C:\Users\USER\AppData\Local\Temp\imgui-java-natives\1.90.0\imgui-java64.dll
Event: 5.930 Loaded shared library C:\Program Files\Eclipse Adoptium\jdk-21.0.6.7-hotspot\bin\verify.dll
Event: 6.091 Loaded shared library C:\Users\USER\AppData\Local\Temp\lwjgl_USER\3.3.6+1\x64\lwjgl_stb.dll

Deoptimization events (20 events):
Event: 6.679 Thread 0x000001d8ef914f80 Uncommon trap: trap_request=0xffffff45 fr.pc=0x000001d887b01a34 relative=0x0000000000000774
Event: 6.679 Thread 0x000001d8ef914f80 Uncommon trap: reason=unstable_if action=reinterpret pc=0x000001d887b01a34 method=java.util.regex.Matcher.search(I)Z @ 30 c2
Event: 6.679 Thread 0x000001d8ef914f80 DEOPT PACKING pc=0x000001d887b01a34 sp=0x000000a25fcff1b0
Event: 6.679 Thread 0x000001d8ef914f80 DEOPT UNPACKING pc=0x000001d88758469c sp=0x000000a25fcff190 mode 2
Event: 6.679 Thread 0x000001d8ef914f80 Uncommon trap: trap_request=0xffffffde fr.pc=0x000001d887b00264 relative=0x0000000000000304
Event: 6.679 Thread 0x000001d8ef914f80 Uncommon trap: reason=class_check action=maybe_recompile pc=0x000001d887b00264 method=java.util.regex.Pattern$BmpCharPropertyGreedy.match(Ljava/util/regex/Matcher;ILjava/lang/CharSequence;)Z @ 26 c2
Event: 6.679 Thread 0x000001d8ef914f80 DEOPT PACKING pc=0x000001d887b00264 sp=0x000000a25fcff0f0
Event: 6.679 Thread 0x000001d8ef914f80 DEOPT UNPACKING pc=0x000001d88758469c sp=0x000000a25fcff088 mode 2
Event: 6.679 Thread 0x000001d8ef914f80 Uncommon trap: trap_request=0xffffffde fr.pc=0x000001d887b00264 relative=0x0000000000000304
Event: 6.680 Thread 0x000001d8ef914f80 Uncommon trap: reason=class_check action=maybe_recompile pc=0x000001d887b00264 method=java.util.regex.Pattern$BmpCharPropertyGreedy.match(Ljava/util/regex/Matcher;ILjava/lang/CharSequence;)Z @ 26 c2
Event: 6.680 Thread 0x000001d8ef914f80 DEOPT PACKING pc=0x000001d887b00264 sp=0x000000a25fcff0f0
Event: 6.680 Thread 0x000001d8ef914f80 DEOPT UNPACKING pc=0x000001d88758469c sp=0x000000a25fcff088 mode 2
Event: 6.680 Thread 0x000001d8ef914f80 Uncommon trap: trap_request=0xffffffde fr.pc=0x000001d887b00264 relative=0x0000000000000304
Event: 6.680 Thread 0x000001d8ef914f80 Uncommon trap: reason=class_check action=maybe_recompile pc=0x000001d887b00264 method=java.util.regex.Pattern$BmpCharPropertyGreedy.match(Ljava/util/regex/Matcher;ILjava/lang/CharSequence;)Z @ 26 c2
Event: 6.680 Thread 0x000001d8ef914f80 DEOPT PACKING pc=0x000001d887b00264 sp=0x000000a25fcff0f0
Event: 6.680 Thread 0x000001d8ef914f80 DEOPT UNPACKING pc=0x000001d88758469c sp=0x000000a25fcff088 mode 2
Event: 6.680 Thread 0x000001d8ef914f80 Uncommon trap: trap_request=0xffffffde fr.pc=0x000001d887b00264 relative=0x0000000000000304
Event: 6.680 Thread 0x000001d8ef914f80 Uncommon trap: reason=class_check action=maybe_recompile pc=0x000001d887b00264 method=java.util.regex.Pattern$BmpCharPropertyGreedy.match(Ljava/util/regex/Matcher;ILjava/lang/CharSequence;)Z @ 26 c2
Event: 6.680 Thread 0x000001d8ef914f80 DEOPT PACKING pc=0x000001d887b00264 sp=0x000000a25fcff0f0
Event: 6.680 Thread 0x000001d8ef914f80 DEOPT UNPACKING pc=0x000001d88758469c sp=0x000000a25fcff088 mode 2

Classes loaded (20 events):
Event: 5.907 Loading class java/io/Externalizable
Event: 5.907 Loading class java/io/Externalizable done
Event: 6.208 Loading class jdk/internal/module/ModulePatcher$PatchedModuleReader
Event: 6.209 Loading class jdk/internal/module/ModulePatcher$PatchedModuleReader done
Event: 6.209 Loading class sun/net/www/protocol/jrt/Handler
Event: 6.210 Loading class sun/net/www/protocol/jrt/Handler done
Event: 6.234 Loading class sun/util/resources/LocaleData$CommonResourceBundleProvider
Event: 6.235 Loading class sun/util/resources/LocaleData$LocaleDataResourceBundleProvider
Event: 6.236 Loading class java/util/spi/ResourceBundleProvider
Event: 6.236 Loading class java/util/spi/ResourceBundleProvider done
Event: 6.236 Loading class sun/util/resources/LocaleData$LocaleDataResourceBundleProvider done
Event: 6.236 Loading class sun/util/resources/LocaleData$CommonResourceBundleProvider done
Event: 6.239 Loading class java/util/ArrayList$SubList$1
Event: 6.240 Loading class java/util/ArrayList$SubList$1 done
Event: 6.242 Loading class sun/util/resources/Bundles$2
Event: 6.243 Loading class sun/util/resources/Bundles$2 done
Event: 6.333 Loading class java/lang/SecurityException
Event: 6.333 Loading class java/lang/SecurityException done
Event: 6.661 Loading class java/lang/NumberFormatException
Event: 6.661 Loading class java/lang/NumberFormatException done

Classes unloaded (0 events):
No events

Classes redefined (0 events):
No events

Internal exceptions (20 events):
Event: 1.653 Thread 0x000001d8ef914f80 Exception <a 'sun/nio/fs/WindowsException'{0x00000000c6018ad0}> (0x00000000c6018ad0) 
thrown [s\src\hotspot\share\prims\jni.cpp, line 520]
Event: 2.274 Thread 0x000001d8ef914f80 Exception <a 'sun/nio/fs/WindowsException'{0x00000000c60e4118}> (0x00000000c60e4118) 
thrown [s\src\hotspot\share\prims\jni.cpp, line 520]
Event: 2.274 Thread 0x000001d8ef914f80 Exception <a 'sun/nio/fs/WindowsException'{0x00000000c60e4470}> (0x00000000c60e4470) 
thrown [s\src\hotspot\share\prims\jni.cpp, line 520]
Event: 2.366 Thread 0x000001d8ef914f80 Exception <a 'java/lang/NoSuchMethodError'{0x00000000c5f5c118}: 'int java.lang.invoke.DirectMethodHandle$Holder.invokeStaticInit(java.lang.Object, java.lang.Object, int, long)'> (0x00000000c5f5c118) 
thrown [s\src\hotspot\share\interpreter\linkResolver.cpp, line 773]
Event: 2.370 Thread 0x000001d8ef914f80 Exception <a 'java/lang/NoSuchMethodError'{0x00000000c5f61918}: 'java.lang.Object java.lang.invoke.DirectMethodHandle$Holder.newInvokeSpecial(java.lang.Object, java.lang.Object, int)'> (0x00000000c5f61918) 
thrown [s\src\hotspot\share\interpreter\linkResolver.cpp, line 773]
Event: 2.382 Thread 0x000001d8ef914f80 Exception <a 'java/lang/NoSuchMethodError'{0x00000000c5f71758}: 'int java.lang.invoke.DirectMethodHandle$Holder.invokeStaticInit(java.lang.Object, java.lang.Object, long, long)'> (0x00000000c5f71758) 
thrown [s\src\hotspot\share\interpreter\linkResolver.cpp, line 773]
Event: 2.385 Thread 0x000001d8ef914f80 Exception <a 'java/lang/NoSuchMethodError'{0x00000000c5f774b0}: 'java.lang.Object java.lang.invoke.DirectMethodHandle$Holder.newInvokeSpecial(java.lang.Object, java.lang.Object, long)'> (0x00000000c5f774b0) 
thrown [s\src\hotspot\share\interpreter\linkResolver.cpp, line 773]
Event: 2.387 Thread 0x000001d8ef914f80 Exception <a 'java/lang/NoSuchMethodError'{0x00000000c5f7b618}: 'java.lang.Object java.lang.invoke.Invokers$Holder.linkToTargetMethod(java.lang.Object, long, java.lang.Object)'> (0x00000000c5f7b618) 
thrown [s\src\hotspot\share\interpreter\linkResolver.cpp, line 773]
Event: 2.418 Thread 0x000001d8ef914f80 Exception <a 'java/lang/NoSuchMethodError'{0x00000000c5f82b50}: 'int java.lang.invoke.DirectMethodHandle$Holder.invokeStaticInit(java.lang.Object, java.lang.Object, java.lang.Object, long)'> (0x00000000c5f82b50) 
thrown [s\src\hotspot\share\interpreter\linkResolver.cpp, line 773]
Event: 2.467 Thread 0x000001d8ef914f80 Implicit null exception at 0x000001d887ae4320 to 0x000001d887ae4ce4
Event: 3.325 Thread 0x000001d8ef914f80 Exception <a 'java/lang/NoSuchMethodError'{0x00000000c5fe5660}: 'void java.lang.System.load(java.lang.String, java.lang.Class)'> (0x00000000c5fe5660) 
thrown [s\src\hotspot\share\interpreter\linkResolver.cpp, line 773]
Event: 3.328 Thread 0x000001d8ef914f80 Exception <a 'java/lang/NoSuchMethodError'{0x00000000c5fe80d0}: 'void java.lang.System.loadLibrary(java.lang.String, java.lang.Class)'> (0x00000000c5fe80d0) 
thrown [s\src\hotspot\share\interpreter\linkResolver.cpp, line 773]
Event: 3.353 Thread 0x000001d8ef914f80 Exception <a 'sun/nio/fs/WindowsException'{0x00000000c5ff79a0}> (0x00000000c5ff79a0) 
thrown [s\src\hotspot\share\prims\jni.cpp, line 520]
Event: 3.353 Thread 0x000001d8ef914f80 Exception <a 'sun/nio/fs/WindowsException'{0x00000000c5ff7d30}> (0x00000000c5ff7d30) 
thrown [s\src\hotspot\share\prims\jni.cpp, line 520]
Event: 3.411 Thread 0x000001d8ef914f80 Exception <a 'sun/nio/fs/WindowsException'{0x00000000c5e04f20}> (0x00000000c5e04f20) 
thrown [s\src\hotspot\share\prims\jni.cpp, line 520]
Event: 3.411 Thread 0x000001d8ef914f80 Exception <a 'sun/nio/fs/WindowsException'{0x00000000c5e051f0}> (0x00000000c5e051f0) 
thrown [s\src\hotspot\share\prims\jni.cpp, line 520]
Event: 6.043 Thread 0x000001d8ef914f80 Exception <a 'java/lang/NoSuchMethodError'{0x00000000c630e0a8}: 'void java.lang.System.load(java.lang.String, java.lang.Class)'> (0x00000000c630e0a8) 
thrown [s\src\hotspot\share\interpreter\linkResolver.cpp, line 773]
Event: 6.046 Thread 0x000001d8ef914f80 Exception <a 'java/lang/NoSuchMethodError'{0x00000000c6310b90}: 'void java.lang.System.loadLibrary(java.lang.String, java.lang.Class)'> (0x00000000c6310b90) 
thrown [s\src\hotspot\share\interpreter\linkResolver.cpp, line 773]
Event: 6.085 Thread 0x000001d8ef914f80 Exception <a 'sun/nio/fs/WindowsException'{0x00000000c6320628}> (0x00000000c6320628) 
thrown [s\src\hotspot\share\prims\jni.cpp, line 520]
Event: 6.085 Thread 0x000001d8ef914f80 Exception <a 'sun/nio/fs/WindowsException'{0x00000000c6320998}> (0x00000000c6320998) 
thrown [s\src\hotspot\share\prims\jni.cpp, line 520]

ZGC Phase Switch (0 events):
No events

VM Operations (20 events):
Event: 2.661 Executing VM operation: Cleanup
Event: 2.677 Executing VM operation: Cleanup done
Event: 3.687 Executing VM operation: Cleanup
Event: 4.201 Executing VM operation: Cleanup done
Event: 4.389 Executing VM operation: G1CollectForAllocation (G1 Evacuation Pause)
Event: 4.426 Executing VM operation: G1CollectForAllocation (G1 Evacuation Pause) done
Event: 5.441 Executing VM operation: Cleanup
Event: 5.441 Executing VM operation: Cleanup done
Event: 6.027 Executing VM operation: G1CollectForAllocation (G1 Evacuation Pause)
Event: 6.035 Executing VM operation: G1CollectForAllocation (G1 Evacuation Pause) done
Event: 6.197 Executing VM operation: HandshakeAllThreads (Deoptimize)
Event: 6.197 Executing VM operation: HandshakeAllThreads (Deoptimize) done
Event: 7.209 Executing VM operation: Cleanup
Event: 7.210 Executing VM operation: Cleanup done
Event: 8.212 Executing VM operation: Cleanup
Event: 8.212 Executing VM operation: Cleanup done
Event: 12.233 Executing VM operation: Cleanup
Event: 12.233 Executing VM operation: Cleanup done
Event: 13.237 Executing VM operation: Cleanup
Event: 13.237 Executing VM operation: Cleanup done

Memory protections (0 events):
No events

Nmethod flushes (0 events):
No events

Events (11 events):
Event: 0.207 Thread 0x000001d8ef914f80 Thread added: 0x000001d8ef914f80
Event: 0.342 Thread 0x000001d8ef914f80 Thread added: 0x000001d8ef9de830
Event: 0.342 Thread 0x000001d8ef914f80 Thread added: 0x000001d8fb2b1640
Event: 0.343 Thread 0x000001d8ef914f80 Thread added: 0x000001d8fb2b50b0
Event: 0.343 Thread 0x000001d8ef914f80 Thread added: 0x000001d8fb2b5b00
Event: 0.344 Thread 0x000001d8ef914f80 Thread added: 0x000001d8fb2b6550
Event: 0.344 Thread 0x000001d8ef914f80 Thread added: 0x000001d8fb2b6fa0
Event: 0.344 Thread 0x000001d8ef914f80 Thread added: 0x000001d8fb2b7d20
Event: 0.348 Thread 0x000001d8ef914f80 Thread added: 0x000001d8fb2be8b0
Event: 0.751 Thread 0x000001d8ef914f80 Thread added: 0x000001d8d407d4b0
Event: 0.769 Thread 0x000001d8ef914f80 Thread added: 0x000001d8d407dcd0


Dynamic libraries:
0x00007ff69ae80000 - 0x00007ff69ae8e000 	C:\Program Files\Eclipse Adoptium\jdk-21.0.6.7-hotspot\bin\java.exe
0x00007fffd3430000 - 0x00007fffd3628000 	C:\Windows\SYSTEM32\ntdll.dll
0x00007fffd30b0000 - 0x00007fffd3172000 	C:\Windows\System32\KERNEL32.DLL
0x00007fffd1100000 - 0x00007fffd13f6000 	C:\Windows\System32\KERNELBASE.dll
0x00007fffd0ca0000 - 0x00007fffd0da0000 	C:\Windows\System32\ucrtbase.dll
0x00007fffc92b0000 - 0x00007fffc92c8000 	C:\Program Files\Eclipse Adoptium\jdk-21.0.6.7-hotspot\bin\jli.dll
0x00007fffd1df0000 - 0x00007fffd1f91000 	C:\Windows\System32\USER32.dll
0x00007fffd0fb0000 - 0x00007fffd0fd2000 	C:\Windows\System32\win32u.dll
0x00007fffd1b00000 - 0x00007fffd1b2b000 	C:\Windows\System32\GDI32.dll
0x00007fffd0fe0000 - 0x00007fffd10f9000 	C:\Windows\System32\gdi32full.dll
0x00007fffd0e80000 - 0x00007fffd0f1d000 	C:\Windows\System32\msvcp_win.dll
0x00007fffc9290000 - 0x00007fffc92ae000 	C:\Program Files\Eclipse Adoptium\jdk-21.0.6.7-hotspot\bin\VCRUNTIME140.dll
0x00007fffbdb70000 - 0x00007fffbde0b000 	C:\Windows\WinSxS\amd64_microsoft.windows.common-controls_6595b64144ccf1df_6.0.19041.6456_none_60b8a6cb71f64256\COMCTL32.dll
0x00007fffd31f0000 - 0x00007fffd328e000 	C:\Windows\System32\msvcrt.dll
0x00007fffd1cf0000 - 0x00007fffd1d1f000 	C:\Windows\System32\IMM32.DLL
0x00007fffc9b50000 - 0x00007fffc9b5c000 	C:\Program Files\Eclipse Adoptium\jdk-21.0.6.7-hotspot\bin\vcruntime140_1.dll
0x00007fffc2c70000 - 0x00007fffc2cfd000 	C:\Program Files\Eclipse Adoptium\jdk-21.0.6.7-hotspot\bin\msvcp140.dll
0x00007fff863c0000 - 0x00007fff87150000 	C:\Program Files\Eclipse Adoptium\jdk-21.0.6.7-hotspot\bin\server\jvm.dll
0x00007fffd2210000 - 0x00007fffd22c1000 	C:\Windows\System32\ADVAPI32.dll
0x00007fffd1c50000 - 0x00007fffd1cef000 	C:\Windows\System32\sechost.dll
0x00007fffd1b30000 - 0x00007fffd1c50000 	C:\Windows\System32\RPCRT4.dll
0x00007fffd0da0000 - 0x00007fffd0dc7000 	C:\Windows\System32\bcrypt.dll
0x00007fffd3180000 - 0x00007fffd31eb000 	C:\Windows\System32\WS2_32.dll
0x00007fffd0920000 - 0x00007fffd096b000 	C:\Windows\SYSTEM32\POWRPROF.dll
0x00007fffc3ea0000 - 0x00007fffc3ec7000 	C:\Windows\SYSTEM32\WINMM.dll
0x00007fffc4540000 - 0x00007fffc454a000 	C:\Windows\SYSTEM32\VERSION.dll
0x00007fffd0900000 - 0x00007fffd0912000 	C:\Windows\SYSTEM32\UMPDC.dll
0x00007fffce8f0000 - 0x00007fffce902000 	C:\Windows\SYSTEM32\kernel.appcore.dll
0x00007fffc9b20000 - 0x00007fffc9b2a000 	C:\Program Files\Eclipse Adoptium\jdk-21.0.6.7-hotspot\bin\jimage.dll
0x00007fffbde20000 - 0x00007fffbe021000 	C:\Windows\SYSTEM32\DBGHELP.DLL
0x00007fffb3d30000 - 0x00007fffb3d64000 	C:\Windows\SYSTEM32\dbgcore.DLL
0x00007fffd0f20000 - 0x00007fffd0fa2000 	C:\Windows\System32\bcryptPrimitives.dll
0x00007fffc8ad0000 - 0x00007fffc8aef000 	C:\Program Files\Eclipse Adoptium\jdk-21.0.6.7-hotspot\bin\java.dll
0x00007fffd2940000 - 0x00007fffd30b0000 	C:\Windows\System32\SHELL32.dll
0x00007fffceaf0000 - 0x00007fffcf295000 	C:\Windows\SYSTEM32\windows.storage.dll
0x00007fffd15b0000 - 0x00007fffd1904000 	C:\Windows\System32\combase.dll
0x00007fffd0330000 - 0x00007fffd035b000 	C:\Windows\SYSTEM32\Wldp.dll
0x00007fffd2740000 - 0x00007fffd280d000 	C:\Windows\System32\OLEAUT32.dll
0x00007fffd3340000 - 0x00007fffd33ed000 	C:\Windows\System32\SHCORE.dll
0x00007fffd1980000 - 0x00007fffd19db000 	C:\Windows\System32\shlwapi.dll
0x00007fffd09f0000 - 0x00007fffd0a14000 	C:\Windows\SYSTEM32\profapi.dll
0x00007fffbffe0000 - 0x00007fffc00b7000 	C:\Program Files\Eclipse Adoptium\jdk-21.0.6.7-hotspot\bin\jsvml.dll
0x00007fffc8aa0000 - 0x00007fffc8ab0000 	C:\Program Files\Eclipse Adoptium\jdk-21.0.6.7-hotspot\bin\net.dll
0x00007fffc4290000 - 0x00007fffc439a000 	C:\Windows\SYSTEM32\WINHTTP.dll
0x00007fffd0110000 - 0x00007fffd017a000 	C:\Windows\system32\mswsock.dll
0x00007fffc8a80000 - 0x00007fffc8a96000 	C:\Program Files\Eclipse Adoptium\jdk-21.0.6.7-hotspot\bin\nio.dll
0x00007fffc8ab0000 - 0x00007fffc8ac8000 	C:\Program Files\Eclipse Adoptium\jdk-21.0.6.7-hotspot\bin\zip.dll
0x00007fffa7320000 - 0x00007fffa739e000 	C:\Users\USER\AppData\Local\Temp\lwjgl_USER\3.3.6+1\x64\lwjgl.dll
0x00007fffa5d80000 - 0x00007fffa5e09000 	C:\Users\USER\AppData\Local\Temp\lwjgl_USER\3.3.6+1\x64\glfw.dll
0x00007fffc1040000 - 0x00007fffc1085000 	C:\Windows\SYSTEM32\dinput8.dll
0x00007fffc5740000 - 0x00007fffc5751000 	C:\Windows\SYSTEM32\xinput1_4.dll
0x00007fffd1400000 - 0x00007fffd144e000 	C:\Windows\System32\cfgmgr32.dll
0x00007fffd05a0000 - 0x00007fffd05d3000 	C:\Windows\SYSTEM32\DEVOBJ.dll
0x00007fffce5f0000 - 0x00007fffce61e000 	C:\Windows\SYSTEM32\dwmapi.dll
0x00007fffce3e0000 - 0x00007fffce47e000 	C:\Windows\system32\uxtheme.dll
0x00007fffd19e0000 - 0x00007fffd1af5000 	C:\Windows\System32\MSCTF.dll
0x00007fffc8000000 - 0x00007fffc8152000 	C:\Windows\SYSTEM32\inputhost.dll
0x00007fffcdbf0000 - 0x00007fffcdce2000 	C:\Windows\SYSTEM32\CoreMessaging.dll
0x00007fffcc3c0000 - 0x00007fffcc4b4000 	C:\Windows\SYSTEM32\PROPSYS.dll
0x00007fffcc240000 - 0x00007fffcc397000 	C:\Windows\SYSTEM32\wintypes.dll
0x00007fffcd890000 - 0x00007fffcdbeb000 	C:\Windows\SYSTEM32\CoreUIComponents.dll
0x00007fffcfca0000 - 0x00007fffcfcd3000 	C:\Windows\SYSTEM32\ntmarta.dll
0x00007fffb2ed0000 - 0x00007fffb2ff8000 	C:\Windows\SYSTEM32\opengl32.dll
0x00007fffc9990000 - 0x00007fffc99bc000 	C:\Windows\SYSTEM32\GLU32.dll
0x00007fffd3290000 - 0x00007fffd3339000 	C:\Windows\System32\clbcatq.dll
0x00007fff80ca0000 - 0x00007fff819b6000 	C:\Windows\SYSTEM32\ig8icd64.dll
0x00007fffc5a60000 - 0x00007fffc649f000 	C:\Windows\SYSTEM32\igdusc64.dll
0x00007fffcd3a0000 - 0x00007fffcd3b4000 	C:\Windows\SYSTEM32\WTSAPI32.dll
0x00007fffcbf40000 - 0x00007fffcbf7b000 	C:\Windows\SYSTEM32\dxcore.dll
0x00007fffcf300000 - 0x00007fffcf3f6000 	C:\Windows\SYSTEM32\dxgi.dll
0x00007fffcc4c0000 - 0x00007fffcc724000 	C:\Windows\SYSTEM32\d3d11.dll
0x00007fffc6600000 - 0x00007fffc7559000 	C:\Windows\SYSTEM32\igd10iumd64.dll
0x00007fffd0480000 - 0x00007fffd04a7000 	C:\Windows\SYSTEM32\ncrypt.dll
0x00007fffcdf10000 - 0x00007fffcdfa4000 	C:\Windows\SYSTEM32\apphelp.dll
0x00007fffd0440000 - 0x00007fffd047b000 	C:\Windows\SYSTEM32\NTASN1.dll
0x00007fffac120000 - 0x00007fffac17d000 	C:\Users\USER\AppData\Local\Temp\lwjgl_USER\3.3.6+1\x64\lwjgl_opengl.dll
0x00007fffc8fb0000 - 0x00007fffc90a9000 	C:\Windows\SYSTEM32\textinputframework.dll
0x00007fff80490000 - 0x00007fff80c97000 	C:\Users\USER\AppData\Local\Temp\imgui-java-natives\1.90.0\imgui-java64.dll
0x00007fffcc0b0000 - 0x00007fffcc0c0000 	C:\Program Files\Eclipse Adoptium\jdk-21.0.6.7-hotspot\bin\verify.dll
0x00007fffa0920000 - 0x00007fffa09b9000 	C:\Users\USER\AppData\Local\Temp\lwjgl_USER\3.3.6+1\x64\lwjgl_stb.dll

dbghelp: loaded successfully - version: 4.0.5 - missing functions: none
symbol engine: initialized successfully - sym options: 0x614 - pdb path: .;C:\Program Files\Eclipse Adoptium\jdk-21.0.6.7-hotspot\bin;C:\Windows\SYSTEM32;C:\Windows\WinSxS\amd64_microsoft.windows.common-controls_6595b64144ccf1df_6.0.19041.6456_none_60b8a6cb71f64256;C:\Program Files\Eclipse Adoptium\jdk-21.0.6.7-hotspot\bin\server;C:\Users\USER\AppData\Local\Temp\lwjgl_USER\3.3.6+1\x64;C:\Users\USER\AppData\Local\Temp\imgui-java-natives\1.90.0

VM Arguments:
jvm_args: -Dfile.encoding=UTF-8 -Duser.country=EC -Duser.language=es -Duser.variant 
java_command: shadingblank.Launcher
java_class_path (initial): C:\Users\USER\Desktop\ShadingBlank\app\build\classes\java\main;C:\Users\USER\Desktop\ShadingBlank\app\build\resources\main;C:\Users\USER\.gradle\caches\modules-2\files-2.1\io.github.spair\imgui-java-app\1.90.0\f39a8f18081f83571f73485fc74c4caff83e16e7\imgui-java-app-1.90.0.jar;C:\Users\USER\.gradle\caches\modules-2\files-2.1\io.github.spair\imgui-java-lwjgl3\1.90.0\f7adf38b3a461e44e6b2fd16dc291d7866482738\imgui-java-lwjgl3-1.90.0.jar;C:\Users\USER\.gradle\caches\modules-2\files-2.1\org.lwjgl\lwjgl-assimp\3.3.6\931a8de55dd5ee546689119c85ed4d4af7fa68f2\lwjgl-assimp-3.3.6.jar;C:\Users\USER\.gradle\caches\modules-2\files-2.1\org.lwjgl\lwjgl-assimp\3.3.6\486fa1e2db9fc903a0cab984604cef1a895b0e28\lwjgl-assimp-3.3.6-natives-windows.jar;C:\Users\USER\.gradle\caches\modules-2\files-2.1\org.lwjgl\lwjgl-glfw\3.3.6\7119f7d0eeb1e5502ff0ca71d2b4d47317da015\lwjgl-glfw-3.3.6.jar;C:\Users\USER\.gradle\caches\modules-2\files-2.1\org.lwjgl\lwjgl-glfw\3.3.6\99ef08056feb9627f90425a4d2a22cd9fae8e39b\lwjgl-glfw-3.3.6-natives-windows.jar;C:\Users\USER\.gradle\caches\modules-2\files-2.1\org.lwjgl\lwjgl-glfw\3.3.6\797e0965709ad180d9b00c88a086dbda15002203\lwjgl-glfw-3.3.6-natives-linux.jar;C:\Users\USER\.gradle\caches\modules-2\files-2.1\org.lwjgl\lwjgl-glfw\3.3.6\82c8d748a654241b5961ddd1c098e8b648e38a48\lwjgl-glfw-3.3.6-natives-macos.jar;C:\Users\USER\.gradle\caches\modules-2\files-2.1\org.lwjgl\lwjgl-glfw\3.3.6\399b42b491c5dfa6595ae6fd79dcba61b93538a7\lwjgl-glfw-3.3.6-natives-macos-arm64.jar;C:\Users\USER\.gradle\caches\modules-2\files-2.1\org.lwjgl\lwjgl-opencl\3.3.6\93fdcea16d27b1466450e38dc28c8e1b4819ec25\lwjgl-opencl-3.3.6.jar;C:\Users\USER\.gradle\caches\modules-2\files-2.1\org.lwjgl\lwjgl-opengl\3.3.6\ac2532612a4df374e9a9282bcf8ce2573018ebbb\lwjgl-opengl-3.3.6.jar;C:\Users\USER\.gradle\caches\modules-2\files-2.1\org.lwjgl\lwjgl-opengl\3.3.6\18dc639ebc94aa5202c2157f7490d28997b697c5\lwjgl-opengl-3.3.6-natives-windows.jar;C:\Users\USER\.gradle\caches\modules-2\files-2.1\org.lwjgl\lwjgl-opengl\3.3.6\b8dc6467fe232d552793c53dc56f9fa8a385299c\lwjgl-opengl-3.3.6-natives-linux.jar;C:\Users\USER\.gradle\caches\modules-2\files-2.1\org.lwjgl\lwjgl-opengl\3.3.6\59f708eb4bf0be0204bbc9c06807911724673db6\lwjgl-opengl-3.3.6-natives-macos.jar;C:\Users\USER\.gradle\caches\modules-2\files-2.1\org.lwjgl\lwjgl-opengl\3.3.6\fee4fb2ee786af6530b6f9188205a76bc4e05268\lwjgl-opengl-3.3.6-natives-macos-arm64.jar;C:\Users\USER\.gradle\caches\modules-2\files-2.1\org.lwjgl\lwjgl-stb\3.3.6\e2d3739dcfe7b672b626ded66d94f6587083306e\lwjgl-stb-3.3.6.jar;C:\Users\USER\.gradle\caches\modules-2\files-2.1\org.lwjgl\lwjgl-stb\3.3.6\334cf885b39e2db9070c39e70e65efb136435f10\lwjgl-stb-3.3.6-natives-windows.jar;C:\Users\USER\.gradle\caches\modules-2\files-2.1\org.lwjgl\lwjgl\3.3.6\ce7721d30cfaf47feaed10213e0c43eb55c49d68\lwjgl-3.3.6.jar;C:\Users\USER\.gradle\caches\modules-2\files-2.1\org.lwjgl\lwjgl\3.3.6\9a29b6a22fc5184604b8cb434ee5d5ecc4bfcbee\lwjgl-3.3.6-natives-windows.jar;C:\Users\USER\.gradle\caches\modules-2\files-2.1\org.lwjgl\lwjgl\3.3.6\dc7db8fc4f1e6563867f9155b9a42d9c73d8992f\lwjgl-3.3.6-natives-linux.jar;C:\Users\USER\.gradle\caches\modules-2\files-2.1\org.lwjgl\lwjgl\3.3.6\f14e7a5289d2355822f4f83b3fd38d158c939acd\lwjgl-3.3.6-natives-macos.jar;C:\Users\USER\.gradle\caches\modules-2\files-2.1\org.lwjgl\lwjgl\3.3.6\832e2964ce74e02e768814a29c06d60645115b9a\lwjgl-3.3.6-natives-macos-arm64.jar;C:\Users\USER\.gradle\caches\modules-2\files-2.1\org.joml\joml\1.10.8\fc0a71dad90a2cf41d82a76156a0e700af8e4f8d\joml-1.10.8.jar;C:\Users\USER\.gradle\caches\modules-2\files-2.1\org.jetbrains.kotlin\kotlin-stdlib-jdk8\1.8.20\73576ddf378c5b4f1f6b449fe6b119b8183fc078\kotlin-stdlib-jdk8-1.8.20.jar;C:\Users\USER\.gradle\caches\modules-2\files-2.1\io.github.spair\imgui-java-binding\1.90.0\5be1d6a471c97f90de18d2cbe14754dd132ee8ab\imgui-java-binding-1.90.0.jar;C:\Users\USER\.gradle\caches\modules-2\files-2.1\org.jetbrains.kotlin\kotlin-stdlib-jdk7\1.8.20\3aa51faf20aae8b31e1a4bc54f8370673d7b7df4\kotlin-stdlib-jdk7-1.8.20.jar;C:\Users\USER\.gradle\caches\modules-2\files-2.1\org.jetbrains.kotlin\kotlin-stdlib\1.8.20\e72fc5e03ec6c064c678a6bd0d955c88d55b0c4a\kotlin-stdlib-1.8.20.jar;C:\Users\USER\.gradle\caches\modules-2\files-2.1\org.jetbrains.kotlin\kotlin-stdlib-common\1.8.20\5eddaaf234c8c49d03eebeb6a14feb7f90faca71\kotlin-stdlib-common-1.8.20.jar;C:\Users\USER\.gradle\caches\modules-2\files-2.1\org.jetbrains\annotations\13.0\919f0dfe192fb4e063e7dacadee7f8bb9a2672a9\annotations-13.0.jar
Launcher Type: SUN_STANDARD

[Global flags]
     intx CICompilerCount                          = 2                                         {product} {ergonomic}
     uint ConcGCThreads                            = 1                                         {product} {ergonomic}
     uint G1ConcRefinementThreads                  = 2                                         {product} {ergonomic}
   size_t G1HeapRegionSize                         = 1048576                                   {product} {ergonomic}
    uintx GCDrainStackTargetSize                   = 64                                        {product} {ergonomic}
   size_t InitialHeapSize                          = 65011712                                  {product} {ergonomic}
   size_t MarkStackSize                            = 4194304                                   {product} {ergonomic}
   size_t MaxHeapSize                              = 1033895936                                {product} {ergonomic}
   size_t MaxNewSize                               = 619708416                                 {product} {ergonomic}
   size_t MinHeapDeltaBytes                        = 1048576                                   {product} {ergonomic}
   size_t MinHeapSize                              = 8388608                                   {product} {ergonomic}
    uintx NonNMethodCodeHeapSize                   = 5826188                                {pd product} {ergonomic}
    uintx NonProfiledCodeHeapSize                  = 122916026                              {pd product} {ergonomic}
    uintx ProfiledCodeHeapSize                     = 122916026                              {pd product} {ergonomic}
    uintx ReservedCodeCacheSize                    = 251658240                              {pd product} {ergonomic}
     bool SegmentedCodeCache                       = true                                      {product} {ergonomic}
   size_t SoftMaxHeapSize                          = 1033895936                             {manageable} {ergonomic}
     bool UseCompressedOops                        = true                           {product lp64_product} {ergonomic}
     bool UseG1GC                                  = true                                      {product} {ergonomic}
     bool UseLargePagesIndividualAllocation        = false                                  {pd product} {ergonomic}

Logging:
Log output configuration:
 #0: stdout all=warning uptime,level,tags foldmultilines=false
 #1: stderr all=off uptime,level,tags foldmultilines=false

Environment Variables:
JAVA_HOME=C:\Program Files\Eclipse Adoptium\jdk-21.0.6.7-hotspot
CLASSPATH=C:\workspace\gradle-8.8\lib\gradle-launcher-8.8.jar
PATH=C:\Program Files\Eclipse Adoptium\jdk-21.0.6.7-hotspot\bin;C:\Users\USER\AppData\Local\Programs\Python\Python312\Scripts\;C:\Users\USER\AppData\Local\Programs\Python\Python312\;C:\Windows\system32;C:\Windows;C:\Windows\System32\Wbem;C:\Windows\System32\WindowsPowerShell\v1.0\;C:\Windows\System32\OpenSSH\;C:\mingw64\bin;C:\workspace\gradle-8.8\bin;C:\workspace\php;C:\Program Files (x86)\ZeroTier\One\;C:\Program Files\nodejs\;C:\ProgramData\chocolatey\bin;C:\Program Files\CMake\bin;C:\Program Files\Git\cmd;C:\mingw64\bin;C:\Windows\system32;C:\Program Files\Eclipse Adoptium\jdk-21.0.4.7-hotspot\bin;C:\Users\USER\AppData\Roaming\npm;C:\workspace\apache-maven-3.9.9\bin;C:\Users\USER\AppData\Local\Pandoc\;C:\Users\USER\AppData\Local\Programs\Microsoft VS Code\bin
USERNAME=USER
OS=Windows_NT
PROCESSOR_IDENTIFIER=Intel64 Family 6 Model 76 Stepping 4, GenuineIntel
TMP=C:\Users\USER\AppData\Local\Temp
TEMP=C:\Users\USER\AppData\Local\Temp




Periodic native trim disabled

---------------  S Y S T E M  ---------------

OS:
 Windows 10 , 64 bit Build 19041 (10.0.19041.5915)
OS uptime: 1 days 12:53 hours
Hyper-V role detected

CPU: total 2 (initial active 2) (2 cores per cpu, 1 threads per core) family 6 model 76 stepping 4 microcode 0x411, cx8, cmov, fxsr, mmx, 3dnowpref, sse, sse2, sse3, ssse3, sse4.1, sse4.2, popcnt, tsc, tscinvbit, aes, erms, clmul, clflush, hv, rdtscp
Processor Information for the first 2 processors :
  Max Mhz: 1600, Current Mhz: 1600, Mhz Limit: 1600

Memory: 4k page, system-wide physical 3941M (985M free)
TotalPageFile size 7511M (AvailPageFile size 2383M)
current process WorkingSet (physical memory assigned to process): 46M, peak: 105M
current process commit charge ("private bytes"): 199M, peak: 206M

vm_info: OpenJDK 64-Bit Server VM (21.0.6+7-LTS) for windows-amd64 JRE (21.0.6+7-LTS), built on 2025-01-21T00:00:00Z by "admin" with MS VC++ 17.7 (VS2022)

END.
