#
# A fatal error has been detected by the Java Runtime Environment:
#
#  EXCEPTION_ACCESS_VIOLATION (0xc0000005) at pc=0x00007ffea1ffc794, pid=2328, tid=8428
#
# JRE version: OpenJDK Runtime Environment Temurin-21.0.6+7 (21.0.6+7) (build 21.0.6+7-LTS)
# Java VM: OpenJDK 64-Bit Server VM Temurin-21.0.6+7 (21.0.6+7-LTS, mixed mode, sharing, tiered, compressed oops, compressed class ptrs, g1 gc, windows-amd64)
# Problematic frame:
# C  [imgui-java64.dll+0x3c794]
#
# No core dump will be written. Minidumps are not enabled by default on client versions of Windows
#
# If you would like to submit a bug report, please visit:
#   https://github.com/adoptium/adoptium-support/issues
# The crash happened outside the Java Virtual Machine in native code.
# See problematic frame for where to report the bug.
#

---------------  S U M M A R Y ------------

Command Line: -Dfile.encoding=UTF-8 -Duser.country=EC -Duser.language=es -Duser.variant shadingblank.Launcher

Host: Intel(R) Celeron(R) CPU  J3060  @ 1.60GHz, 2 cores, 3G,  Windows 10 , 64 bit Build 19041 (10.0.19041.5915)
Time: Sat Dec 13 13:53:54 2025 Hora est. Pacífico, Sudamérica elapsed time: 6.444606 seconds (0d 0h 0m 6s)

---------------  T H R E A D  ---------------

Current thread (0x0000028eaceb9f70):  JavaThread "main"             [_thread_in_native, id=8428, stack(0x000000ed25200000,0x000000ed25300000) (1024K)]

Stack: [0x000000ed25200000,0x000000ed25300000],  sp=0x000000ed252ff420,  free space=1021k
Native frames: (J=compiled Java code, j=interpreted, Vv=VM code, C=native code)
C  [imgui-java64.dll+0x3c794]

Java frames: (J=compiled Java code, j=interpreted, Vv=VM code)
j  imgui.ImGui.nEndPopup()V+0
j  imgui.ImGui.endPopup()V+0
j  shadingblank.workspace.ui.modules.FileExplorerDialog.update()V+6
j  shadingblank.Launcher.loop()V+241
j  shadingblank.Motor.update()V+11
j  shadingblank.Motor.start()V+54
j  shadingblank.Launcher.main([Ljava/lang/String;)V+22
v  ~StubRoutines::call_stub 0x0000028ebebd1015

siginfo: EXCEPTION_ACCESS_VIOLATION (0xc0000005), reading address 0x0000000000000017


Registers:
RAX=0x00007ffea2063830, RBX=0x0000028ec9ed2320, RCX=0x0000028eaceba328, RDX=0x000000ed252ff4d8
RSP=0x000000ed252ff420, RBP=0x000000ed252ff4c8, RSI=0x0000000000000000, RDI=0x0000028ebebd8988
R8 =0x0000000000000002, R9 =0x0000000000000002, R10=0x0000028ebebdcc8a, R11=0x00000000c5e4b1c0
R12=0x0000000000000000, R13=0x0000028f0b5d31a0, R14=0x000000ed252ff4e0, R15=0x0000028eaceb9f70
RIP=0x00007ffea1ffc794, EFLAGS=0x0000000000010202

XMM[0]=0x0000000000000000 0x0000000000000000
XMM[1]=0x0000000000000000 0x4070000000000000
XMM[2]=0x0000000000000000 0x3ff6666666666666
XMM[3]=0x0000000000000000 0x0000000000000000
XMM[4]=0x0000000000000000 0x0000000000000000
XMM[5]=0x0000000000000000 0x0000000000000000
XMM[6]=0x0000000000000000 0x8000000000000000
XMM[7]=0x0000000000000000 0x8000000000000000
XMM[8]=0x0000000000000000 0x0000000000000000
XMM[9]=0x0000000000000000 0x0000000000000000
XMM[10]=0x0000000000000000 0x0000000000000000
XMM[11]=0x0000000000000000 0x0000000000000000
XMM[12]=0x0000000000000000 0x0000000000000000
XMM[13]=0x0000000000000000 0x0000000000000000
XMM[14]=0x0000000000000000 0x0000000000000000
XMM[15]=0x0000000000000000 0x0000000000000000
  MXCSR=0x00001fa1


Register to memory mapping:

RAX=0x00007ffea2063830 imgui-java64.dll
RBX=0x0000028ec9ed2320 points into unknown readable memory: 0x0000028eacd50101 | 01 01 d5 ac 8e 02 00 00
RCX=0x0000028eaceba328 points into unknown readable memory: 0x0000028f0f57c130 | 30 c1 57 0f 8f 02 00 00
RDX=0x000000ed252ff4d8 is pointing into the stack for thread: 0x0000028eaceb9f70
RSP=0x000000ed252ff420 is pointing into the stack for thread: 0x0000028eaceb9f70
RBP=0x000000ed252ff4c8 is pointing into the stack for thread: 0x0000028eaceb9f70
RSI=0x0 is null
RDI=0x0000028ebebd8988 is at code_begin+1480 in an Interpreter codelet
return entry points  [0x0000028ebebd83c0, 0x0000028ebebd8f60]  2976 bytes
R8 =0x0000000000000002 is an unknown value
R9 =0x0000000000000002 is an unknown value
R10=0x0000028ebebdcc8a is at code_begin+1002 in an Interpreter codelet
native method entry point (kind = native)  [0x0000028ebebdc8a0, 0x0000028ebebdd3a8]  2824 bytes
R11=0x00000000c5e4b1c0 is an oop: java.lang.Class 
{0x00000000c5e4b1c0} - klass: 'java/lang/Class'
 - ---- fields (total size 20 words):
 - private volatile transient 'classRedefinedCount' 'I' @12  0 (0x00000000)
 - injected 'klass' 'J' @16  2812314498288 (0x0000028ecb01b4f0)
 - injected 'array_klass' 'J' @24  0 (0x0000000000000000)
 - injected 'oop_size' 'I' @32  20 (0x00000014)
 - injected 'static_oop_field_count' 'I' @36  12 (0x0000000c)
 - private volatile transient 'cachedConstructor' 'Ljava/lang/reflect/Constructor;' @40  null (0x00000000)
 - private transient 'name' 'Ljava/lang/String;' @44  "imgui.ImGui"{0x00000000c5e4b978} (0xc5e4b978)
 - private transient 'module' 'Ljava/lang/Module;' @48  a 'java/lang/Module'{0x00000000c26c0cc0} (0xc26c0cc0)
 - private final 'classLoader' 'Ljava/lang/ClassLoader;' @52  a 'jdk/internal/loader/ClassLoaders$AppClassLoader'{0x00000000c26b0000} (0xc26b0000)
 - private transient 'classData' 'Ljava/lang/Object;' @56  null (0x00000000)
 - private transient 'packageName' 'Ljava/lang/String;' @60  "imgui"{0x00000000c5e480a0} (0xc5e480a0)
 - private final 'componentType' 'Ljava/lang/Class;' @64  null (0x00000000)
 - private volatile transient 'reflectionData' 'Ljava/lang/ref/SoftReference;' @68  null (0x00000000)
 - private volatile transient 'genericInfo' 'Lsun/reflect/generics/repository/ClassRepository;' @72  null (0x00000000)
 - private volatile transient 'enumConstants' '[Ljava/lang/Object;' @76  null (0x00000000)
 - private volatile transient 'enumConstantDirectory' 'Ljava/util/Map;' @80  null (0x00000000)
 - private volatile transient 'annotationData' 'Ljava/lang/Class$AnnotationData;' @84  null (0x00000000)
 - private volatile transient 'annotationType' 'Lsun/reflect/annotation/AnnotationType;' @88  null (0x00000000)
 - transient 'classValueMap' 'Ljava/lang/ClassValue$ClassValueMap;' @92  null (0x00000000)
 - injected 'protection_domain' 'Ljava/lang/Object;' @96  a 'java/security/ProtectionDomain'{0x00000000c5e42140} (0xc5e42140)
 - injected 'signers_name' 'Ljava/lang/Object;' @100  null (0x00000000)
 - injected 'source_file' 'Ljava/lang/Object;' @104  null (0x00000000)
 - injected '<init_lock>' 'Ljava/lang/Object;' @108  null (0x00000000)
 - signature: Limgui/ImGui;
 - ---- static fields (12):
 - private static final 'LIB_PATH_PROP' 'Ljava/lang/String;' @112  "imgui.library.path"{0x00000000c5e4b630} (0xc5e4b630)
 - private static final 'LIB_NAME_PROP' 'Ljava/lang/String;' @116  "imgui.library.name"{0x00000000c5e4b7f0} (0xc5e4b7f0)
 - private static final 'LIB_NAME_DEFAULT' 'Ljava/lang/String;' @120  "imgui-java64"{0x00000000c5e4b7b8} (0xc5e4b7b8)
 - private static final 'LIB_TMP_DIR_PREFIX' 'Ljava/lang/String;' @124  "imgui-java-natives"{0x00000000c5e4b6f8} (0xc5e4b6f8)
 - private static final '_GETIO_1' 'Limgui/ImGuiIO;' @128  a 'imgui/ImGuiIO'{0x00000000c5e4b960} (0xc5e4b960)
 - private static final '_GETSTYLE_1' 'Limgui/ImGuiStyle;' @132  a 'imgui/ImGuiStyle'{0x00000000c5e06bb8} (0xc5e06bb8)
 - private static final '_GETDRAWDATA_1' 'Limgui/ImDrawData;' @136  a 'imgui/ImDrawData'{0x00000000c5e4b948} (0xc5e4b948)
 - private static final '_GETFONT_1' 'Limgui/ImFont;' @140  a 'imgui/ImFont'{0x00000000c5e4b930} (0xc5e4b930)
 - private static 'payloadRef' 'Ljava/lang/ref/WeakReference;' @144  null (0x00000000)
 - private static final 'PAYLOAD_PLACEHOLDER_DATA' '[B' @148  [B{0x00000000c5e4b918} (0xc5e4b918)
 - private static final '_GETMAINVIEWPORT_1' 'Limgui/ImGuiViewport;' @152  a 'imgui/ImGuiViewport'{0x00000000c5e4b900} (0xc5e4b900)
 - private static final '_GETPLATFORMIO_1' 'Limgui/ImGuiPlatformIO;' @156  a 'imgui/ImGuiPlatformIO'{0x00000000c5e4b8e8} (0xc5e4b8e8)
R12=0x0 is null
R13={method} {0x0000028f0b5d31a8} 'nEndPopup' '()V' in 'imgui/ImGui'
R14=0x000000ed252ff4e0 is pointing into the stack for thread: 0x0000028eaceb9f70
R15=0x0000028eaceb9f70 is a thread

Top of Stack: (sp=0x000000ed252ff420)
0x000000ed252ff420:   0000028ebebd8988 0000028ebebdcb33
0x000000ed252ff430:   0000028f0b5d31a0 0000028f0b5d31a0
0x000000ed252ff440:   0000028ebebd8988 0000028f0b5d31a0
0x000000ed252ff450:   0000000000000110 0000028ebebdccb6
0x000000ed252ff460:   0000000000000110 0000028ebebdc95f
0x000000ed252ff470:   0000028f0b5d3110 0000028ebebdc95f
0x000000ed252ff480:   000000ed252ff480 0000028f0b5d31a0
0x000000ed252ff490:   0000000000000003 0000028f0b5f0000
0x000000ed252ff4a0:   0000000000000000 00000000c5e4b1c0
0x000000ed252ff4b0:   0000028f0b5d31a0 0000000000000000
0x000000ed252ff4c0:   000000ed252ff4e8 000000ed252ff530
0x000000ed252ff4d0:   0000028ebebd8860 00000000c5e4b1c0
0x000000ed252ff4e0:   0000028ebebda3b7 000000ed252ff4e8
0x000000ed252ff4f0:   0000028f0b5d3100 0000000000000001
0x000000ed252ff500:   0000028f0b5f0000 0000000000000000
0x000000ed252ff510:   00000000c5e4b1c0 0000028f0b5d3110
0x000000ed252ff520:   000000ed252ff4e8 000000ed252ff540
0x000000ed252ff530:   000000ed252ff588 0000028ebebd8860
0x000000ed252ff540:   000000ed252ff540 0000028f0b76061e
0x000000ed252ff550:   0000000000000002 0000028f0b7606a0
0x000000ed252ff560:   0000000000000000 00000000c5e412c0
0x000000ed252ff570:   0000028f0b760638 000000ed252ff540
0x000000ed252ff580:   000000ed252ff598 000000ed252ff5e8
0x000000ed252ff590:   0000028ebebd8860 00000000c5e11638
0x000000ed252ff5a0:   000000ed252ff5a0 0000028f0b4011e9
0x000000ed252ff5b0:   0000000000000003 0000028f0b405d48
0x000000ed252ff5c0:   0000000000000000 00000000c26b0148
0x000000ed252ff5d0:   0000028f0b401258 000000ed252ff598
0x000000ed252ff5e0:   000000ed252ff600 000000ed252ff650
0x000000ed252ff5f0:   0000028ebebd8860 00000000c637c868
0x000000ed252ff600:   00000000c26b01c0 000000ed252ff608
0x000000ed252ff610:   0000028f0b401c6b 0000000000000002 

Instructions: (pc=0x00007ffea1ffc794)
0x00007ffea1ffc694:   e5 4e 00 ff 15 e3 3f 7c 00 41 b8 aa 1e 00 00 48
0x00007ffea1ffc6a4:   8d 15 16 a8 4e 00 48 8d 0d 04 e6 4e 00 ff 15 c9
0x00007ffea1ffc6b4:   3f 7c 00 66 0f 1f 84 00 00 00 00 00 4c 8d 05 f9
0x00007ffea1ffc6c4:   a7 4e 00 ba 96 1e 00 00 48 8d 0d 45 e5 4e 00 48
0x00007ffea1ffc6d4:   83 c4 20 5b 5e 5f e9 31 b2 1c 00 90 4c 8d 05 d9
0x00007ffea1ffc6e4:   a7 4e 00 ba 9d 1e 00 00 48 8d 0d 6d e5 4e 00 e8
0x00007ffea1ffc6f4:   18 b2 1c 00 e9 b4 fb ff ff 0f 1f 00 48 83 ec 28
0x00007ffea1ffc704:   48 8b 05 7d 00 5b 00 48 8b 80 80 41 00 00 f6 40
0x00007ffea1ffc714:   17 02 75 1d e8 b3 b2 1c 00 84 c0 75 1f 48 8b 05
0x00007ffea1ffc724:   60 00 5b 00 48 8b 80 80 41 00 00 f6 40 17 02 74
0x00007ffea1ffc734:   2d 48 83 c4 28 e9 f2 fa ff ff 66 90 4c 8d 05 79
0x00007ffea1ffc744:   a7 4e 00 ba 8f 2d 00 00 48 8d 0d 7d e5 4e 00 e8
0x00007ffea1ffc754:   b8 b1 1c 00 90 48 83 c4 28 e9 ce fa ff ff 41 b8
0x00007ffea1ffc764:   8f 2d 00 00 48 8d 15 51 a7 4e 00 48 8d 0d 5a e5
0x00007ffea1ffc774:   4e 00 ff 15 04 3f 7c 00 90 0f 1f 00 56 53 48 83
0x00007ffea1ffc784:   ec 28 48 8b 1d fb ff 5a 00 48 8b b3 80 41 00 00
0x00007ffea1ffc794:   f6 46 17 04 74 46 44 8b 83 a8 4c 00 00 45 85 c0
0x00007ffea1ffc7a4:   0f 8e 96 00 00 00 48 39 b3 48 4d 00 00 0f 84 e1
0x00007ffea1ffc7b4:   00 00 00 80 bb da 40 00 00 00 75 50 f6 46 17 01
0x00007ffea1ffc7c4:   74 07 c6 83 da 40 00 00 01 e8 5e fa ff ff c6 83
0x00007ffea1ffc7d4:   da 40 00 00 00 48 83 c4 28 5b 5e c3 e8 eb b1 1c
0x00007ffea1ffc7e4:   00 84 c0 0f 85 13 01 00 00 f6 46 17 04 75 a7 41
0x00007ffea1ffc7f4:   b8 03 2f 00 00 48 8d 15 c0 a6 4e 00 48 8d 0d 09
0x00007ffea1ffc804:   e5 4e 00 ff 15 73 3e 7c 00 0f 1f 00 e8 bb b1 1c
0x00007ffea1ffc814:   00 84 c0 0f 85 c3 00 00 00 80 bb da 40 00 00 00
0x00007ffea1ffc824:   74 9a 41 b8 0b 2f 00 00 48 8d 15 8d a6 4e 00 48
0x00007ffea1ffc834:   8d 0d 18 e5 4e 00 ff 15 40 3e 7c 00 e8 8b b1 1c
0x00007ffea1ffc844:   00 84 c0 75 2f 8b 8b a8 4c 00 00 85 c9 0f 8f 53
0x00007ffea1ffc854:   ff ff ff 41 b8 04 2f 00 00 48 8d 15 5c a6 4e 00
0x00007ffea1ffc864:   48 8d 0d cc e4 4e 00 ff 15 0f 3e 7c 00 0f 1f 80
0x00007ffea1ffc874:   00 00 00 00 4c 8d 05 41 a6 4e 00 ba 04 2f 00 00
0x00007ffea1ffc884:   48 8d 0d ac e4 4e 00 e8 80 b0 1c 00 e9 15 ff ff 


Stack slot to memory mapping:

stack at sp + 0 slots: 0x0000028ebebd8988 is at code_begin+1480 in an Interpreter codelet
return entry points  [0x0000028ebebd83c0, 0x0000028ebebd8f60]  2976 bytes
stack at sp + 1 slots: 0x0000028ebebdcb33 is at code_begin+659 in an Interpreter codelet
native method entry point (kind = native)  [0x0000028ebebdc8a0, 0x0000028ebebdd3a8]  2824 bytes
stack at sp + 2 slots: {method} {0x0000028f0b5d31a8} 'nEndPopup' '()V' in 'imgui/ImGui'
stack at sp + 3 slots: {method} {0x0000028f0b5d31a8} 'nEndPopup' '()V' in 'imgui/ImGui'
stack at sp + 4 slots: 0x0000028ebebd8988 is at code_begin+1480 in an Interpreter codelet
return entry points  [0x0000028ebebd83c0, 0x0000028ebebd8f60]  2976 bytes
stack at sp + 5 slots: {method} {0x0000028f0b5d31a8} 'nEndPopup' '()V' in 'imgui/ImGui'
stack at sp + 6 slots: 0x0000000000000110 is an unknown value
stack at sp + 7 slots: 0x0000028ebebdccb6 is at code_begin+1046 in an Interpreter codelet
native method entry point (kind = native)  [0x0000028ebebdc8a0, 0x0000028ebebdd3a8]  2824 bytes


---------------  P R O C E S S  ---------------

Threads class SMR info:
_java_thread_list=0x0000028ec9a68940, length=11, elements={
0x0000028eaceb9f70, 0x0000028ec9950520, 0x0000028eaf07ddd0, 0x0000028ec9954fa0,
0x0000028ec9955600, 0x0000028ec9956050, 0x0000028ec9956aa0, 0x0000028ec9957820,
0x0000028ec99c30f0, 0x0000028ec9a93ad0, 0x0000028ec9a99320
}

Java Threads: ( => current thread )
=>0x0000028eaceb9f70 JavaThread "main"                              [_thread_in_native, id=8428, stack(0x000000ed25200000,0x000000ed25300000) (1024K)]
  0x0000028ec9950520 JavaThread "Reference Handler"          daemon [_thread_blocked, id=992, stack(0x000000ed25a00000,0x000000ed25b00000) (1024K)]
  0x0000028eaf07ddd0 JavaThread "Finalizer"                  daemon [_thread_blocked, id=8404, stack(0x000000ed25b00000,0x000000ed25c00000) (1024K)]
  0x0000028ec9954fa0 JavaThread "Signal Dispatcher"          daemon [_thread_blocked, id=2764, stack(0x000000ed25c00000,0x000000ed25d00000) (1024K)]
  0x0000028ec9955600 JavaThread "Attach Listener"            daemon [_thread_blocked, id=10772, stack(0x000000ed25d00000,0x000000ed25e00000) (1024K)]
  0x0000028ec9956050 JavaThread "Service Thread"             daemon [_thread_blocked, id=8556, stack(0x000000ed25e00000,0x000000ed25f00000) (1024K)]
  0x0000028ec9956aa0 JavaThread "Monitor Deflation Thread"   daemon [_thread_blocked, id=5112, stack(0x000000ed25f00000,0x000000ed26000000) (1024K)]
  0x0000028ec9957820 JavaThread "C2 CompilerThread0"         daemon [_thread_blocked, id=4736, stack(0x000000ed26000000,0x000000ed26100000) (1024K)]
  0x0000028ec99c30f0 JavaThread "C1 CompilerThread0"         daemon [_thread_blocked, id=9100, stack(0x000000ed26100000,0x000000ed26200000) (1024K)]
  0x0000028ec9a93ad0 JavaThread "Notification Thread"        daemon [_thread_blocked, id=4340, stack(0x000000ed26200000,0x000000ed26300000) (1024K)]
  0x0000028ec9a99320 JavaThread "Common-Cleaner"             daemon [_thread_blocked, id=10256, stack(0x000000ed26300000,0x000000ed26400000) (1024K)]
Total: 11

Other Threads:
  0x0000028eaf063dc0 VMThread "VM Thread"                           [id=3440, stack(0x000000ed25900000,0x000000ed25a00000) (1024K)]
  0x0000028eaf054f10 WatcherThread "VM Periodic Task Thread"        [id=1856, stack(0x000000ed25800000,0x000000ed25900000) (1024K)]
  0x0000028eaefeaa60 WorkerThread "GC Thread#0"                     [id=11776, stack(0x000000ed25300000,0x000000ed25400000) (1024K)]
  0x0000028f0f57d470 WorkerThread "GC Thread#1"                     [id=6676, stack(0x000000ed26a00000,0x000000ed26b00000) (1024K)]
  0x0000028eaeff3d90 ConcurrentGCThread "G1 Main Marker"            [id=116, stack(0x000000ed25400000,0x000000ed25500000) (1024K)]
  0x0000028eaeff4890 WorkerThread "G1 Conc#0"                       [id=4092, stack(0x000000ed25500000,0x000000ed25600000) (1024K)]
  0x0000028eaf043920 ConcurrentGCThread "G1 Refine#0"               [id=10352, stack(0x000000ed25600000,0x000000ed25700000) (1024K)]
  0x0000028eaf044490 ConcurrentGCThread "G1 Service"                [id=6140, stack(0x000000ed25700000,0x000000ed25800000) (1024K)]
Total: 8

Threads with active compile tasks:
Total: 0

VM state: not at safepoint (normal execution)

VM Mutex/Monitor currently owned by a thread: None

Heap address: 0x00000000c2600000, size: 986 MB, Compressed Oops mode: 32-bit

CDS archive(s) mapped at: [0x0000028eca000000-0x0000028ecac80000-0x0000028ecac80000), size 13107200, SharedBaseAddress: 0x0000028eca000000, ArchiveRelocationMode: 1.
Compressed class space mapped at: 0x0000028ecb000000-0x0000028f0b000000, reserved size: 1073741824
Narrow klass base: 0x0000028eca000000, Narrow klass shift: 0, Narrow klass range: 0x100000000

GC Precious Log:
 CardTable entry size: 512
 Card Set container configuration: InlinePtr #cards 5 size 8 Array Of Cards #cards 12 size 40 Howl #buckets 4 coarsen threshold 1843 Howl Bitmap #cards 512 size 80 coarsen threshold 460 Card regions per heap region 1 cards per card region 2048
 CPUs: 2 total, 2 available
 Memory: 3941M
 Large Page Support: Disabled
 NUMA Support: Disabled
 Compressed Oops: Enabled (32-bit)
 Heap Region Size: 1M
 Heap Min Capacity: 8M
 Heap Initial Capacity: 62M
 Heap Max Capacity: 986M
 Pre-touch: Disabled
 Parallel Workers: 2
 Concurrent Workers: 1
 Concurrent Refinement Workers: 2
 Periodic GC: Disabled

Heap:
 garbage-first heap   total 63488K, used 4257K [0x00000000c2600000, 0x0000000100000000)
  region size 1024K, 5 young (5120K), 1 survivors (1024K)
 Metaspace       used 7531K, committed 7744K, reserved 1114112K
  class space    used 368K, committed 512K, reserved 1048576K

Heap Regions: E=young(eden), S=young(survivor), O=old, HS=humongous(starts), HC=humongous(continues), CS=collection set, F=free, TAMS=top-at-mark-start, PB=parsable bottom
|   0|0x00000000c2600000, 0x00000000c2700000, 0x00000000c2700000|100%| O|  |TAMS 0x00000000c2600000| PB 0x00000000c2600000| Untracked 
|   1|0x00000000c2700000, 0x00000000c27b2068, 0x00000000c2800000| 69%| O|  |TAMS 0x00000000c2700000| PB 0x00000000c2700000| Untracked 
|   2|0x00000000c2800000, 0x00000000c2800000, 0x00000000c2900000|  0%| F|  |TAMS 0x00000000c2800000| PB 0x00000000c2800000| Untracked 
|   3|0x00000000c2900000, 0x00000000c2900000, 0x00000000c2a00000|  0%| F|  |TAMS 0x00000000c2900000| PB 0x00000000c2900000| Untracked 
|   4|0x00000000c2a00000, 0x00000000c2a00000, 0x00000000c2b00000|  0%| F|  |TAMS 0x00000000c2a00000| PB 0x00000000c2a00000| Untracked 
|   5|0x00000000c2b00000, 0x00000000c2b00000, 0x00000000c2c00000|  0%| F|  |TAMS 0x00000000c2b00000| PB 0x00000000c2b00000| Untracked 
|   6|0x00000000c2c00000, 0x00000000c2c00000, 0x00000000c2d00000|  0%| F|  |TAMS 0x00000000c2c00000| PB 0x00000000c2c00000| Untracked 
|   7|0x00000000c2d00000, 0x00000000c2d00000, 0x00000000c2e00000|  0%| F|  |TAMS 0x00000000c2d00000| PB 0x00000000c2d00000| Untracked 
|   8|0x00000000c2e00000, 0x00000000c2e00000, 0x00000000c2f00000|  0%| F|  |TAMS 0x00000000c2e00000| PB 0x00000000c2e00000| Untracked 
|   9|0x00000000c2f00000, 0x00000000c2f00000, 0x00000000c3000000|  0%| F|  |TAMS 0x00000000c2f00000| PB 0x00000000c2f00000| Untracked 
|  10|0x00000000c3000000, 0x00000000c3000000, 0x00000000c3100000|  0%| F|  |TAMS 0x00000000c3000000| PB 0x00000000c3000000| Untracked 
|  11|0x00000000c3100000, 0x00000000c3100000, 0x00000000c3200000|  0%| F|  |TAMS 0x00000000c3100000| PB 0x00000000c3100000| Untracked 
|  12|0x00000000c3200000, 0x00000000c3200000, 0x00000000c3300000|  0%| F|  |TAMS 0x00000000c3200000| PB 0x00000000c3200000| Untracked 
|  13|0x00000000c3300000, 0x00000000c3300000, 0x00000000c3400000|  0%| F|  |TAMS 0x00000000c3300000| PB 0x00000000c3300000| Untracked 
|  14|0x00000000c3400000, 0x00000000c3400000, 0x00000000c3500000|  0%| F|  |TAMS 0x00000000c3400000| PB 0x00000000c3400000| Untracked 
|  15|0x00000000c3500000, 0x00000000c3500000, 0x00000000c3600000|  0%| F|  |TAMS 0x00000000c3500000| PB 0x00000000c3500000| Untracked 
|  16|0x00000000c3600000, 0x00000000c3600000, 0x00000000c3700000|  0%| F|  |TAMS 0x00000000c3600000| PB 0x00000000c3600000| Untracked 
|  17|0x00000000c3700000, 0x00000000c3700000, 0x00000000c3800000|  0%| F|  |TAMS 0x00000000c3700000| PB 0x00000000c3700000| Untracked 
|  18|0x00000000c3800000, 0x00000000c3800000, 0x00000000c3900000|  0%| F|  |TAMS 0x00000000c3800000| PB 0x00000000c3800000| Untracked 
|  19|0x00000000c3900000, 0x00000000c3900000, 0x00000000c3a00000|  0%| F|  |TAMS 0x00000000c3900000| PB 0x00000000c3900000| Untracked 
|  20|0x00000000c3a00000, 0x00000000c3a00000, 0x00000000c3b00000|  0%| F|  |TAMS 0x00000000c3a00000| PB 0x00000000c3a00000| Untracked 
|  21|0x00000000c3b00000, 0x00000000c3b00000, 0x00000000c3c00000|  0%| F|  |TAMS 0x00000000c3b00000| PB 0x00000000c3b00000| Untracked 
|  22|0x00000000c3c00000, 0x00000000c3c00000, 0x00000000c3d00000|  0%| F|  |TAMS 0x00000000c3c00000| PB 0x00000000c3c00000| Untracked 
|  23|0x00000000c3d00000, 0x00000000c3d00000, 0x00000000c3e00000|  0%| F|  |TAMS 0x00000000c3d00000| PB 0x00000000c3d00000| Untracked 
|  24|0x00000000c3e00000, 0x00000000c3e00000, 0x00000000c3f00000|  0%| F|  |TAMS 0x00000000c3e00000| PB 0x00000000c3e00000| Untracked 
|  25|0x00000000c3f00000, 0x00000000c3f00000, 0x00000000c4000000|  0%| F|  |TAMS 0x00000000c3f00000| PB 0x00000000c3f00000| Untracked 
|  26|0x00000000c4000000, 0x00000000c4000000, 0x00000000c4100000|  0%| F|  |TAMS 0x00000000c4000000| PB 0x00000000c4000000| Untracked 
|  27|0x00000000c4100000, 0x00000000c4100000, 0x00000000c4200000|  0%| F|  |TAMS 0x00000000c4100000| PB 0x00000000c4100000| Untracked 
|  28|0x00000000c4200000, 0x00000000c4200000, 0x00000000c4300000|  0%| F|  |TAMS 0x00000000c4200000| PB 0x00000000c4200000| Untracked 
|  29|0x00000000c4300000, 0x00000000c4300000, 0x00000000c4400000|  0%| F|  |TAMS 0x00000000c4300000| PB 0x00000000c4300000| Untracked 
|  30|0x00000000c4400000, 0x00000000c4400000, 0x00000000c4500000|  0%| F|  |TAMS 0x00000000c4400000| PB 0x00000000c4400000| Untracked 
|  31|0x00000000c4500000, 0x00000000c4500000, 0x00000000c4600000|  0%| F|  |TAMS 0x00000000c4500000| PB 0x00000000c4500000| Untracked 
|  32|0x00000000c4600000, 0x00000000c4600000, 0x00000000c4700000|  0%| F|  |TAMS 0x00000000c4600000| PB 0x00000000c4600000| Untracked 
|  33|0x00000000c4700000, 0x00000000c4700000, 0x00000000c4800000|  0%| F|  |TAMS 0x00000000c4700000| PB 0x00000000c4700000| Untracked 
|  34|0x00000000c4800000, 0x00000000c4800000, 0x00000000c4900000|  0%| F|  |TAMS 0x00000000c4800000| PB 0x00000000c4800000| Untracked 
|  35|0x00000000c4900000, 0x00000000c4900000, 0x00000000c4a00000|  0%| F|  |TAMS 0x00000000c4900000| PB 0x00000000c4900000| Untracked 
|  36|0x00000000c4a00000, 0x00000000c4a00000, 0x00000000c4b00000|  0%| F|  |TAMS 0x00000000c4a00000| PB 0x00000000c4a00000| Untracked 
|  37|0x00000000c4b00000, 0x00000000c4b00000, 0x00000000c4c00000|  0%| F|  |TAMS 0x00000000c4b00000| PB 0x00000000c4b00000| Untracked 
|  38|0x00000000c4c00000, 0x00000000c4c00000, 0x00000000c4d00000|  0%| F|  |TAMS 0x00000000c4c00000| PB 0x00000000c4c00000| Untracked 
|  39|0x00000000c4d00000, 0x00000000c4d00000, 0x00000000c4e00000|  0%| F|  |TAMS 0x00000000c4d00000| PB 0x00000000c4d00000| Untracked 
|  40|0x00000000c4e00000, 0x00000000c4e00000, 0x00000000c4f00000|  0%| F|  |TAMS 0x00000000c4e00000| PB 0x00000000c4e00000| Untracked 
|  41|0x00000000c4f00000, 0x00000000c4f00000, 0x00000000c5000000|  0%| F|  |TAMS 0x00000000c4f00000| PB 0x00000000c4f00000| Untracked 
|  42|0x00000000c5000000, 0x00000000c5000000, 0x00000000c5100000|  0%| F|  |TAMS 0x00000000c5000000| PB 0x00000000c5000000| Untracked 
|  43|0x00000000c5100000, 0x00000000c5100000, 0x00000000c5200000|  0%| F|  |TAMS 0x00000000c5100000| PB 0x00000000c5100000| Untracked 
|  44|0x00000000c5200000, 0x00000000c5200000, 0x00000000c5300000|  0%| F|  |TAMS 0x00000000c5200000| PB 0x00000000c5200000| Untracked 
|  45|0x00000000c5300000, 0x00000000c5300000, 0x00000000c5400000|  0%| F|  |TAMS 0x00000000c5300000| PB 0x00000000c5300000| Untracked 
|  46|0x00000000c5400000, 0x00000000c5400000, 0x00000000c5500000|  0%| F|  |TAMS 0x00000000c5400000| PB 0x00000000c5400000| Untracked 
|  47|0x00000000c5500000, 0x00000000c5500000, 0x00000000c5600000|  0%| F|  |TAMS 0x00000000c5500000| PB 0x00000000c5500000| Untracked 
|  48|0x00000000c5600000, 0x00000000c5600000, 0x00000000c5700000|  0%| F|  |TAMS 0x00000000c5600000| PB 0x00000000c5600000| Untracked 
|  49|0x00000000c5700000, 0x00000000c5700000, 0x00000000c5800000|  0%| F|  |TAMS 0x00000000c5700000| PB 0x00000000c5700000| Untracked 
|  50|0x00000000c5800000, 0x00000000c5800000, 0x00000000c5900000|  0%| F|  |TAMS 0x00000000c5800000| PB 0x00000000c5800000| Untracked 
|  51|0x00000000c5900000, 0x00000000c5900000, 0x00000000c5a00000|  0%| F|  |TAMS 0x00000000c5900000| PB 0x00000000c5900000| Untracked 
|  52|0x00000000c5a00000, 0x00000000c5a00000, 0x00000000c5b00000|  0%| F|  |TAMS 0x00000000c5a00000| PB 0x00000000c5a00000| Untracked 
|  53|0x00000000c5b00000, 0x00000000c5b00000, 0x00000000c5c00000|  0%| F|  |TAMS 0x00000000c5b00000| PB 0x00000000c5b00000| Untracked 
|  54|0x00000000c5c00000, 0x00000000c5c00000, 0x00000000c5d00000|  0%| F|  |TAMS 0x00000000c5c00000| PB 0x00000000c5c00000| Untracked 
|  55|0x00000000c5d00000, 0x00000000c5d00000, 0x00000000c5e00000|  0%| F|  |TAMS 0x00000000c5d00000| PB 0x00000000c5d00000| Untracked 
|  56|0x00000000c5e00000, 0x00000000c5e76650, 0x00000000c5f00000| 46%| S|CS|TAMS 0x00000000c5e00000| PB 0x00000000c5e00000| Complete 
|  57|0x00000000c5f00000, 0x00000000c5f00000, 0x00000000c6000000|  0%| F|  |TAMS 0x00000000c5f00000| PB 0x00000000c5f00000| Untracked 
|  58|0x00000000c6000000, 0x00000000c60b4d88, 0x00000000c6100000| 70%| E|  |TAMS 0x00000000c6000000| PB 0x00000000c6000000| Complete 
|  59|0x00000000c6100000, 0x00000000c6200000, 0x00000000c6200000|100%| E|CS|TAMS 0x00000000c6100000| PB 0x00000000c6100000| Complete 
|  60|0x00000000c6200000, 0x00000000c6300000, 0x00000000c6300000|100%| E|  |TAMS 0x00000000c6200000| PB 0x00000000c6200000| Complete 
|  61|0x00000000c6300000, 0x00000000c6400000, 0x00000000c6400000|100%| E|CS|TAMS 0x00000000c6300000| PB 0x00000000c6300000| Complete 

Card table byte_map: [0x0000028eaed70000,0x0000028eaef60000] _byte_map_base: 0x0000028eae75d000

Marking Bits: (CMBitMap*) 0x0000028eaefeb970
 Bits: [0x0000028ec66a0000, 0x0000028ec7608000)

Polling page: 0x0000028eacd60000

Metaspace:

Usage:
  Non-class:      7.00 MB used.
      Class:    368.12 KB used.
       Both:      7.36 MB used.

Virtual space:
  Non-class space:       64.00 MB reserved,       7.06 MB ( 11%) committed,  1 nodes.
      Class space:        1.00 GB reserved,     512.00 KB ( <1%) committed,  1 nodes.
             Both:        1.06 GB reserved,       7.56 MB ( <1%) committed. 

Chunk freelists:
   Non-Class:  6.62 MB
       Class:  15.48 MB
        Both:  22.11 MB

MaxMetaspaceSize: unlimited
CompressedClassSpaceSize: 1.00 GB
Initial GC threshold: 21.00 MB
Current GC threshold: 21.00 MB
CDS: on
 - commit_granule_bytes: 65536.
 - commit_granule_words: 8192.
 - virtual_space_node_default_size: 8388608.
 - enlarge_chunks_in_place: 1.
 - use_allocation_guard: 0.


Internal statistics:

num_allocs_failed_limit: 0.
num_arena_births: 102.
num_arena_deaths: 0.
num_vsnodes_births: 2.
num_vsnodes_deaths: 0.
num_space_committed: 119.
num_space_uncommitted: 0.
num_chunks_returned_to_freelist: 0.
num_chunks_taken_from_freelist: 320.
num_chunk_merges: 0.
num_chunk_splits: 239.
num_chunks_enlarged: 183.
num_inconsistent_stats: 0.

CodeHeap 'non-profiled nmethods': size=120064Kb used=320Kb max_used=320Kb free=119743Kb
 bounds [0x0000028ebf160000, 0x0000028ebf3d0000, 0x0000028ec66a0000]
CodeHeap 'profiled nmethods': size=120000Kb used=1611Kb max_used=1611Kb free=118388Kb
 bounds [0x0000028eb76a0000, 0x0000028eb7910000, 0x0000028ebebd0000]
CodeHeap 'non-nmethods': size=5696Kb used=2499Kb max_used=2510Kb free=3197Kb
 bounds [0x0000028ebebd0000, 0x0000028ebee50000, 0x0000028ebf160000]
 total_blobs=2340 nmethods=956 adapters=1290
 compilation: enabled
              stopped_count=0, restarted_count=0
 full_count=0

Compilation events (20 events):
Event: 6.357 Thread 0x0000028ec99c30f0  946       3       sun.net.www.protocol.jar.Handler::checkNestedProtocol (18 bytes)
Event: 6.358 Thread 0x0000028ec99c30f0 nmethod 946 0x0000028eb782e210 code [0x0000028eb782e3c0, 0x0000028eb782e598]
Event: 6.358 Thread 0x0000028ec99c30f0  947       3       jdk.internal.loader.Resource::<init> (5 bytes)
Event: 6.358 Thread 0x0000028ec99c30f0 nmethod 947 0x0000028eb782e690 code [0x0000028eb782e840, 0x0000028eb782e9a8]
Event: 6.360 Thread 0x0000028ec99c30f0  948       3       java.security.CodeSource::<init> (52 bytes)
Event: 6.361 Thread 0x0000028ec99c30f0 nmethod 948 0x0000028eb782ea90 code [0x0000028eb782ec80, 0x0000028eb782f1a0]
Event: 6.361 Thread 0x0000028ec99c30f0  949       3       java.security.SecureClassLoader::getProtectionDomain (37 bytes)
Event: 6.362 Thread 0x0000028ec99c30f0 nmethod 949 0x0000028eb782f310 code [0x0000028eb782f500, 0x0000028eb782fb78]
Event: 6.362 Thread 0x0000028ec99c30f0  950       3       java.security.SecureClassLoader$CodeSourceKey::<init> (10 bytes)
Event: 6.363 Thread 0x0000028ec99c30f0 nmethod 950 0x0000028eb782fd90 code [0x0000028eb782ff40, 0x0000028eb7830160]
Event: 6.363 Thread 0x0000028ec99c30f0  951   !   3       java.lang.ClassLoader::addClass (27 bytes)
Event: 6.364 Thread 0x0000028ec99c30f0 nmethod 951 0x0000028eb7830210 code [0x0000028eb7830400, 0x0000028eb78309c0]
Event: 6.364 Thread 0x0000028ec99c30f0  952       3       java.lang.ClassLoader::postDefineClass (39 bytes)
Event: 6.365 Thread 0x0000028ec99c30f0 nmethod 952 0x0000028eb7830d10 code [0x0000028eb7830f00, 0x0000028eb7831228]
Event: 6.365 Thread 0x0000028ec99c30f0  953       3       java.lang.ClassLoader::getNamedPackage (73 bytes)
Event: 6.366 Thread 0x0000028ec99c30f0 nmethod 953 0x0000028eb7831410 code [0x0000028eb7831600, 0x0000028eb7831b60]
Event: 6.366 Thread 0x0000028ec99c30f0  954       1       java.lang.reflect.Method::getName (5 bytes)
Event: 6.366 Thread 0x0000028ec99c30f0 nmethod 954 0x0000028ebf1afe90 code [0x0000028ebf1b0020, 0x0000028ebf1b00e8]
Event: 6.372 Thread 0x0000028ec99c30f0  955       3       java.util.concurrent.ConcurrentHashMap$BaseIterator::<init> (21 bytes)
Event: 6.373 Thread 0x0000028ec99c30f0 nmethod 955 0x0000028eb7831d10 code [0x0000028eb7831ec0, 0x0000028eb78320a0]

GC Heap History (4 events):
Event: 4.086 GC heap before
{Heap before GC invocations=0 (full 0):
 garbage-first heap   total 63488K, used 5120K [0x00000000c2600000, 0x0000000100000000)
  region size 1024K, 6 young (6144K), 0 survivors (0K)
 Metaspace       used 2954K, committed 3136K, reserved 1114112K
  class space    used 181K, committed 256K, reserved 1048576K
}
Event: 4.109 GC heap after
{Heap after GC invocations=1 (full 0):
 garbage-first heap   total 63488K, used 1728K [0x00000000c2600000, 0x0000000100000000)
  region size 1024K, 1 young (1024K), 1 survivors (1024K)
 Metaspace       used 2954K, committed 3136K, reserved 1114112K
  class space    used 181K, committed 256K, reserved 1048576K
}
Event: 5.645 GC heap before
{Heap before GC invocations=1 (full 0):
 garbage-first heap   total 63488K, used 6848K [0x00000000c2600000, 0x0000000100000000)
  region size 1024K, 6 young (6144K), 1 survivors (1024K)
 Metaspace       used 5367K, committed 5568K, reserved 1114112K
  class space    used 288K, committed 384K, reserved 1048576K
}
Event: 5.653 GC heap after
{Heap after GC invocations=2 (full 0):
 garbage-first heap   total 63488K, used 2209K [0x00000000c2600000, 0x0000000100000000)
  region size 1024K, 1 young (1024K), 1 survivors (1024K)
 Metaspace       used 5367K, committed 5568K, reserved 1114112K
  class space    used 288K, committed 384K, reserved 1048576K
}

Dll operation events (11 events):
Event: 0.026 Loaded shared library C:\Program Files\Eclipse Adoptium\jdk-21.0.6.7-hotspot\bin\java.dll
Event: 0.178 Loaded shared library C:\Program Files\Eclipse Adoptium\jdk-21.0.6.7-hotspot\bin\jsvml.dll
Event: 0.599 Loaded shared library C:\Program Files\Eclipse Adoptium\jdk-21.0.6.7-hotspot\bin\net.dll
Event: 0.608 Loaded shared library C:\Program Files\Eclipse Adoptium\jdk-21.0.6.7-hotspot\bin\nio.dll
Event: 0.757 Loaded shared library C:\Program Files\Eclipse Adoptium\jdk-21.0.6.7-hotspot\bin\zip.dll
Event: 1.656 Loaded shared library C:\Program Files\Eclipse Adoptium\jdk-21.0.6.7-hotspot\bin\jimage.dll
Event: 1.800 Loaded shared library C:\Users\USER\AppData\Local\Temp\lwjgl_USER\3.3.6+1\x64\lwjgl.dll
Event: 3.048 Loaded shared library C:\Users\USER\AppData\Local\Temp\lwjgl_USER\3.3.6+1\x64\lwjgl_opengl.dll
Event: 5.218 Loaded shared library C:\Users\USER\AppData\Local\Temp\imgui-java-natives\1.90.0\imgui-java64.dll
Event: 5.681 Loaded shared library C:\Program Files\Eclipse Adoptium\jdk-21.0.6.7-hotspot\bin\verify.dll
Event: 5.797 Loaded shared library C:\Users\USER\AppData\Local\Temp\lwjgl_USER\3.3.6+1\x64\lwjgl_stb.dll

Deoptimization events (20 events):
Event: 2.630 Thread 0x0000028eaceb9f70 DEOPT PACKING pc=0x0000028eb77409fd sp=0x000000ed252fe390
Event: 2.630 Thread 0x0000028eaceb9f70 DEOPT UNPACKING pc=0x0000028ebec24e23 sp=0x000000ed252fd828 mode 0
Event: 2.630 Thread 0x0000028eaceb9f70 DEOPT PACKING pc=0x0000028eb77409fd sp=0x000000ed252fe390
Event: 2.630 Thread 0x0000028eaceb9f70 DEOPT UNPACKING pc=0x0000028ebec24e23 sp=0x000000ed252fd828 mode 0
Event: 2.630 Thread 0x0000028eaceb9f70 DEOPT PACKING pc=0x0000028eb77409fd sp=0x000000ed252fe390
Event: 2.630 Thread 0x0000028eaceb9f70 DEOPT UNPACKING pc=0x0000028ebec24e23 sp=0x000000ed252fd828 mode 0
Event: 2.631 Thread 0x0000028eaceb9f70 DEOPT PACKING pc=0x0000028eb77409fd sp=0x000000ed252fe390
Event: 2.631 Thread 0x0000028eaceb9f70 DEOPT UNPACKING pc=0x0000028ebec24e23 sp=0x000000ed252fd828 mode 0
Event: 2.631 Thread 0x0000028eaceb9f70 DEOPT PACKING pc=0x0000028eb7740c4d sp=0x000000ed252fe390
Event: 2.631 Thread 0x0000028eaceb9f70 DEOPT UNPACKING pc=0x0000028ebec24e23 sp=0x000000ed252fd828 mode 0
Event: 3.149 Thread 0x0000028eaceb9f70 Uncommon trap: trap_request=0xffffff54 fr.pc=0x0000028ebf192610 relative=0x0000000000000070
Event: 3.149 Thread 0x0000028eaceb9f70 Uncommon trap: reason=speculate_null_assert action=make_not_entrant pc=0x0000028ebf192610 method=sun.misc.Unsafe.putLong(Ljava/lang/Object;JJ)V @ 7 c2
Event: 3.149 Thread 0x0000028eaceb9f70 DEOPT PACKING pc=0x0000028ebf192610 sp=0x000000ed252ff1d0
Event: 3.149 Thread 0x0000028eaceb9f70 DEOPT UNPACKING pc=0x0000028ebec2469c sp=0x000000ed252ff148 mode 2
Event: 4.707 Thread 0x0000028eaceb9f70 DEOPT PACKING pc=0x0000028eb76debc5 sp=0x000000ed252fe250
Event: 4.707 Thread 0x0000028eaceb9f70 DEOPT UNPACKING pc=0x0000028ebec24e23 sp=0x000000ed252fd6a0 mode 0
Event: 4.783 Thread 0x0000028eaceb9f70 Uncommon trap: trap_request=0xffffff6e fr.pc=0x0000028ebf197204 relative=0x0000000000000444
Event: 4.783 Thread 0x0000028eaceb9f70 Uncommon trap: reason=loop_limit_check action=maybe_recompile pc=0x0000028ebf197204 method=java.lang.StringLatin1.indexOf([BI[BII)I @ 37 c2
Event: 4.783 Thread 0x0000028eaceb9f70 DEOPT PACKING pc=0x0000028ebf197204 sp=0x000000ed252fe470
Event: 4.783 Thread 0x0000028eaceb9f70 DEOPT UNPACKING pc=0x0000028ebec2469c sp=0x000000ed252fe3d0 mode 2

Classes loaded (20 events):
Event: 5.660 Loading class java/io/Externalizable
Event: 5.660 Loading class java/io/Externalizable done
Event: 5.906 Loading class jdk/internal/module/ModulePatcher$PatchedModuleReader
Event: 5.906 Loading class jdk/internal/module/ModulePatcher$PatchedModuleReader done
Event: 5.907 Loading class sun/net/www/protocol/jrt/Handler
Event: 5.907 Loading class sun/net/www/protocol/jrt/Handler done
Event: 5.931 Loading class sun/util/resources/LocaleData$CommonResourceBundleProvider
Event: 5.931 Loading class sun/util/resources/LocaleData$LocaleDataResourceBundleProvider
Event: 5.931 Loading class java/util/spi/ResourceBundleProvider
Event: 5.931 Loading class java/util/spi/ResourceBundleProvider done
Event: 5.931 Loading class sun/util/resources/LocaleData$LocaleDataResourceBundleProvider done
Event: 5.931 Loading class sun/util/resources/LocaleData$CommonResourceBundleProvider done
Event: 5.935 Loading class java/util/ArrayList$SubList$1
Event: 5.935 Loading class java/util/ArrayList$SubList$1 done
Event: 5.938 Loading class sun/util/resources/Bundles$2
Event: 5.938 Loading class sun/util/resources/Bundles$2 done
Event: 6.034 Loading class java/lang/SecurityException
Event: 6.034 Loading class java/lang/SecurityException done
Event: 6.371 Loading class java/lang/NumberFormatException
Event: 6.371 Loading class java/lang/NumberFormatException done

Classes unloaded (0 events):
No events

Classes redefined (0 events):
No events

Internal exceptions (20 events):
Event: 1.831 Thread 0x0000028eaceb9f70 Exception <a 'sun/nio/fs/WindowsException'{0x00000000c601e8e8}> (0x00000000c601e8e8) 
thrown [s\src\hotspot\share\prims\jni.cpp, line 520]
Event: 1.833 Thread 0x0000028eaceb9f70 Exception <a 'sun/nio/fs/WindowsException'{0x00000000c601ee28}> (0x00000000c601ee28) 
thrown [s\src\hotspot\share\prims\jni.cpp, line 520]
Event: 2.329 Thread 0x0000028eaceb9f70 Exception <a 'sun/nio/fs/WindowsException'{0x00000000c60eaef0}> (0x00000000c60eaef0) 
thrown [s\src\hotspot\share\prims\jni.cpp, line 520]
Event: 2.330 Thread 0x0000028eaceb9f70 Exception <a 'sun/nio/fs/WindowsException'{0x00000000c60eb248}> (0x00000000c60eb248) 
thrown [s\src\hotspot\share\prims\jni.cpp, line 520]
Event: 2.436 Thread 0x0000028eaceb9f70 Exception <a 'java/lang/NoSuchMethodError'{0x00000000c5f62cd0}: 'int java.lang.invoke.DirectMethodHandle$Holder.invokeStaticInit(java.lang.Object, java.lang.Object, int, long)'> (0x00000000c5f62cd0) 
thrown [s\src\hotspot\share\interpreter\linkResolver.cpp, line 773]
Event: 2.441 Thread 0x0000028eaceb9f70 Exception <a 'java/lang/NoSuchMethodError'{0x00000000c5f68510}: 'java.lang.Object java.lang.invoke.DirectMethodHandle$Holder.newInvokeSpecial(java.lang.Object, java.lang.Object, int)'> (0x00000000c5f68510) 
thrown [s\src\hotspot\share\interpreter\linkResolver.cpp, line 773]
Event: 2.467 Thread 0x0000028eaceb9f70 Exception <a 'java/lang/NoSuchMethodError'{0x00000000c5f78350}: 'int java.lang.invoke.DirectMethodHandle$Holder.invokeStaticInit(java.lang.Object, java.lang.Object, long, long)'> (0x00000000c5f78350) 
thrown [s\src\hotspot\share\interpreter\linkResolver.cpp, line 773]
Event: 2.472 Thread 0x0000028eaceb9f70 Exception <a 'java/lang/NoSuchMethodError'{0x00000000c5f7e0a8}: 'java.lang.Object java.lang.invoke.DirectMethodHandle$Holder.newInvokeSpecial(java.lang.Object, java.lang.Object, long)'> (0x00000000c5f7e0a8) 
thrown [s\src\hotspot\share\interpreter\linkResolver.cpp, line 773]
Event: 2.475 Thread 0x0000028eaceb9f70 Exception <a 'java/lang/NoSuchMethodError'{0x00000000c5f82210}: 'java.lang.Object java.lang.invoke.Invokers$Holder.linkToTargetMethod(java.lang.Object, long, java.lang.Object)'> (0x00000000c5f82210) 
thrown [s\src\hotspot\share\interpreter\linkResolver.cpp, line 773]
Event: 2.486 Thread 0x0000028eaceb9f70 Exception <a 'java/lang/NoSuchMethodError'{0x00000000c5f89748}: 'int java.lang.invoke.DirectMethodHandle$Holder.invokeStaticInit(java.lang.Object, java.lang.Object, java.lang.Object, long)'> (0x00000000c5f89748) 
thrown [s\src\hotspot\share\interpreter\linkResolver.cpp, line 773]
Event: 3.015 Thread 0x0000028eaceb9f70 Exception <a 'java/lang/NoSuchMethodError'{0x00000000c5febfe8}: 'void java.lang.System.load(java.lang.String, java.lang.Class)'> (0x00000000c5febfe8) 
thrown [s\src\hotspot\share\interpreter\linkResolver.cpp, line 773]
Event: 3.020 Thread 0x0000028eaceb9f70 Exception <a 'java/lang/NoSuchMethodError'{0x00000000c5feea58}: 'void java.lang.System.loadLibrary(java.lang.String, java.lang.Class)'> (0x00000000c5feea58) 
thrown [s\src\hotspot\share\interpreter\linkResolver.cpp, line 773]
Event: 3.042 Thread 0x0000028eaceb9f70 Exception <a 'sun/nio/fs/WindowsException'{0x00000000c5ffe0c0}> (0x00000000c5ffe0c0) 
thrown [s\src\hotspot\share\prims\jni.cpp, line 520]
Event: 3.042 Thread 0x0000028eaceb9f70 Exception <a 'sun/nio/fs/WindowsException'{0x00000000c5ffe450}> (0x00000000c5ffe450) 
thrown [s\src\hotspot\share\prims\jni.cpp, line 520]
Event: 3.080 Thread 0x0000028eaceb9f70 Exception <a 'sun/nio/fs/WindowsException'{0x00000000c5e0b650}> (0x00000000c5e0b650) 
thrown [s\src\hotspot\share\prims\jni.cpp, line 520]
Event: 3.080 Thread 0x0000028eaceb9f70 Exception <a 'sun/nio/fs/WindowsException'{0x00000000c5e0b920}> (0x00000000c5e0b920) 
thrown [s\src\hotspot\share\prims\jni.cpp, line 520]
Event: 5.763 Thread 0x0000028eaceb9f70 Exception <a 'java/lang/NoSuchMethodError'{0x00000000c6365730}: 'void java.lang.System.load(java.lang.String, java.lang.Class)'> (0x00000000c6365730) 
thrown [s\src\hotspot\share\interpreter\linkResolver.cpp, line 773]
Event: 5.765 Thread 0x0000028eaceb9f70 Exception <a 'java/lang/NoSuchMethodError'{0x00000000c6368218}: 'void java.lang.System.loadLibrary(java.lang.String, java.lang.Class)'> (0x00000000c6368218) 
thrown [s\src\hotspot\share\interpreter\linkResolver.cpp, line 773]
Event: 5.792 Thread 0x0000028eaceb9f70 Exception <a 'sun/nio/fs/WindowsException'{0x00000000c6377cb0}> (0x00000000c6377cb0) 
thrown [s\src\hotspot\share\prims\jni.cpp, line 520]
Event: 5.792 Thread 0x0000028eaceb9f70 Exception <a 'sun/nio/fs/WindowsException'{0x00000000c6378020}> (0x00000000c6378020) 
thrown [s\src\hotspot\share\prims\jni.cpp, line 520]

ZGC Phase Switch (0 events):
No events

VM Operations (20 events):
Event: 0.857 Executing VM operation: HandshakeAllThreads (Deoptimize)
Event: 0.857 Executing VM operation: HandshakeAllThreads (Deoptimize) done
Event: 1.769 Executing VM operation: HandshakeAllThreads (Deoptimize)
Event: 1.769 Executing VM operation: HandshakeAllThreads (Deoptimize) done
Event: 1.769 Executing VM operation: Cleanup
Event: 1.769 Executing VM operation: Cleanup done
Event: 1.833 Executing VM operation: HandshakeAllThreads (Deoptimize)
Event: 1.833 Executing VM operation: HandshakeAllThreads (Deoptimize) done
Event: 2.841 Executing VM operation: Cleanup
Event: 2.842 Executing VM operation: Cleanup done
Event: 3.854 Executing VM operation: Cleanup
Event: 3.903 Executing VM operation: Cleanup done
Event: 4.086 Executing VM operation: G1CollectForAllocation (G1 Evacuation Pause)
Event: 4.109 Executing VM operation: G1CollectForAllocation (G1 Evacuation Pause) done
Event: 5.121 Executing VM operation: Cleanup
Event: 5.121 Executing VM operation: Cleanup done
Event: 5.644 Executing VM operation: G1CollectForAllocation (G1 Evacuation Pause)
Event: 5.653 Executing VM operation: G1CollectForAllocation (G1 Evacuation Pause) done
Event: 5.895 Executing VM operation: HandshakeAllThreads (Deoptimize)
Event: 5.895 Executing VM operation: HandshakeAllThreads (Deoptimize) done

Memory protections (0 events):
No events

Nmethod flushes (0 events):
No events

Events (11 events):
Event: 0.095 Thread 0x0000028eaceb9f70 Thread added: 0x0000028eaceb9f70
Event: 0.170 Thread 0x0000028eaceb9f70 Thread added: 0x0000028ec9950520
Event: 0.171 Thread 0x0000028eaceb9f70 Thread added: 0x0000028eaf07ddd0
Event: 0.172 Thread 0x0000028eaceb9f70 Thread added: 0x0000028ec9954fa0
Event: 0.172 Thread 0x0000028eaceb9f70 Thread added: 0x0000028ec9955600
Event: 0.172 Thread 0x0000028eaceb9f70 Thread added: 0x0000028ec9956050
Event: 0.173 Thread 0x0000028eaceb9f70 Thread added: 0x0000028ec9956aa0
Event: 0.173 Thread 0x0000028eaceb9f70 Thread added: 0x0000028ec9957820
Event: 0.197 Thread 0x0000028eaceb9f70 Thread added: 0x0000028ec99c30f0
Event: 0.454 Thread 0x0000028eaceb9f70 Thread added: 0x0000028ec9a93ad0
Event: 0.472 Thread 0x0000028eaceb9f70 Thread added: 0x0000028ec9a99320


Dynamic libraries:
0x00007ff771cf0000 - 0x00007ff771cfe000 	C:\Program Files\Eclipse Adoptium\jdk-21.0.6.7-hotspot\bin\java.exe
0x00007ffef2350000 - 0x00007ffef2548000 	C:\Windows\SYSTEM32\ntdll.dll
0x00007ffef0d50000 - 0x00007ffef0e12000 	C:\Windows\System32\KERNEL32.DLL
0x00007ffeeff00000 - 0x00007ffef01f6000 	C:\Windows\System32\KERNELBASE.dll
0x00007ffeefa90000 - 0x00007ffeefb90000 	C:\Windows\System32\ucrtbase.dll
0x00007ffee4c60000 - 0x00007ffee4c78000 	C:\Program Files\Eclipse Adoptium\jdk-21.0.6.7-hotspot\bin\jli.dll
0x00007ffef0f70000 - 0x00007ffef1111000 	C:\Windows\System32\USER32.dll
0x00007ffeefe30000 - 0x00007ffeefe52000 	C:\Windows\System32\win32u.dll
0x00007ffef21c0000 - 0x00007ffef21eb000 	C:\Windows\System32\GDI32.dll
0x00007ffef0200000 - 0x00007ffef0319000 	C:\Windows\System32\gdi32full.dll
0x00007ffeefe60000 - 0x00007ffeefefd000 	C:\Windows\System32\msvcp_win.dll
0x00007ffee1990000 - 0x00007ffee19ae000 	C:\Program Files\Eclipse Adoptium\jdk-21.0.6.7-hotspot\bin\VCRUNTIME140.dll
0x00007ffedcdf0000 - 0x00007ffedd08b000 	C:\Windows\WinSxS\amd64_microsoft.windows.common-controls_6595b64144ccf1df_6.0.19041.6456_none_60b8a6cb71f64256\COMCTL32.dll
0x00007ffef06e0000 - 0x00007ffef077e000 	C:\Windows\System32\msvcrt.dll
0x00007ffef11c0000 - 0x00007ffef11ef000 	C:\Windows\System32\IMM32.DLL
0x00007ffeecce0000 - 0x00007ffeeccec000 	C:\Program Files\Eclipse Adoptium\jdk-21.0.6.7-hotspot\bin\vcruntime140_1.dll
0x00007ffee0540000 - 0x00007ffee05cd000 	C:\Program Files\Eclipse Adoptium\jdk-21.0.6.7-hotspot\bin\msvcp140.dll
0x00007ffeba640000 - 0x00007ffebb3d0000 	C:\Program Files\Eclipse Adoptium\jdk-21.0.6.7-hotspot\bin\server\jvm.dll
0x00007ffef0c90000 - 0x00007ffef0d41000 	C:\Windows\System32\ADVAPI32.dll
0x00007ffef11f0000 - 0x00007ffef128f000 	C:\Windows\System32\sechost.dll
0x00007ffef21f0000 - 0x00007ffef2310000 	C:\Windows\System32\RPCRT4.dll
0x00007ffeefe00000 - 0x00007ffeefe27000 	C:\Windows\System32\bcrypt.dll
0x00007ffef0f00000 - 0x00007ffef0f6b000 	C:\Windows\System32\WS2_32.dll
0x00007ffeef840000 - 0x00007ffeef88b000 	C:\Windows\SYSTEM32\POWRPROF.dll
0x00007ffee2770000 - 0x00007ffee2797000 	C:\Windows\SYSTEM32\WINMM.dll
0x00007ffee3460000 - 0x00007ffee346a000 	C:\Windows\SYSTEM32\VERSION.dll
0x00007ffeef820000 - 0x00007ffeef832000 	C:\Windows\SYSTEM32\UMPDC.dll
0x00007ffeed810000 - 0x00007ffeed822000 	C:\Windows\SYSTEM32\kernel.appcore.dll
0x00007ffee85b0000 - 0x00007ffee85ba000 	C:\Program Files\Eclipse Adoptium\jdk-21.0.6.7-hotspot\bin\jimage.dll
0x00007ffedd0a0000 - 0x00007ffedd2a1000 	C:\Windows\SYSTEM32\DBGHELP.DLL
0x00007ffed4a80000 - 0x00007ffed4ab4000 	C:\Windows\SYSTEM32\dbgcore.DLL
0x00007ffeefd70000 - 0x00007ffeefdf2000 	C:\Windows\System32\bcryptPrimitives.dll
0x00007ffee1970000 - 0x00007ffee198f000 	C:\Program Files\Eclipse Adoptium\jdk-21.0.6.7-hotspot\bin\java.dll
0x00007ffef1580000 - 0x00007ffef1cf0000 	C:\Windows\System32\SHELL32.dll
0x00007ffeeda10000 - 0x00007ffeee1b5000 	C:\Windows\SYSTEM32\windows.storage.dll
0x00007ffef0780000 - 0x00007ffef0ad4000 	C:\Windows\System32\combase.dll
0x00007ffeef250000 - 0x00007ffeef27b000 	C:\Windows\SYSTEM32\Wldp.dll
0x00007ffef0370000 - 0x00007ffef043d000 	C:\Windows\System32\OLEAUT32.dll
0x00007ffef05d0000 - 0x00007ffef067d000 	C:\Windows\System32\SHCORE.dll
0x00007ffef0680000 - 0x00007ffef06db000 	C:\Windows\System32\shlwapi.dll
0x00007ffeef910000 - 0x00007ffeef934000 	C:\Windows\SYSTEM32\profapi.dll
0x00007ffedfa50000 - 0x00007ffedfb27000 	C:\Program Files\Eclipse Adoptium\jdk-21.0.6.7-hotspot\bin\jsvml.dll
0x00007ffee5d50000 - 0x00007ffee5d60000 	C:\Program Files\Eclipse Adoptium\jdk-21.0.6.7-hotspot\bin\net.dll
0x00007ffee31b0000 - 0x00007ffee32ba000 	C:\Windows\SYSTEM32\WINHTTP.dll
0x00007ffeef030000 - 0x00007ffeef09a000 	C:\Windows\system32\mswsock.dll
0x00007ffee1810000 - 0x00007ffee1826000 	C:\Program Files\Eclipse Adoptium\jdk-21.0.6.7-hotspot\bin\nio.dll
0x00007ffee1950000 - 0x00007ffee1968000 	C:\Program Files\Eclipse Adoptium\jdk-21.0.6.7-hotspot\bin\zip.dll
0x00007ffec8f80000 - 0x00007ffec8ffe000 	C:\Users\USER\AppData\Local\Temp\lwjgl_USER\3.3.6+1\x64\lwjgl.dll
0x00007ffec86d0000 - 0x00007ffec8759000 	C:\Users\USER\AppData\Local\Temp\lwjgl_USER\3.3.6+1\x64\glfw.dll
0x00007ffed17a0000 - 0x00007ffed17e5000 	C:\Windows\SYSTEM32\dinput8.dll
0x00007ffee42a0000 - 0x00007ffee42b1000 	C:\Windows\SYSTEM32\xinput1_4.dll
0x00007ffef0320000 - 0x00007ffef036e000 	C:\Windows\System32\cfgmgr32.dll
0x00007ffeef690000 - 0x00007ffeef6c3000 	C:\Windows\SYSTEM32\DEVOBJ.dll
0x00007ffeed510000 - 0x00007ffeed53e000 	C:\Windows\SYSTEM32\dwmapi.dll
0x00007ffeed300000 - 0x00007ffeed39e000 	C:\Windows\system32\uxtheme.dll
0x00007ffee58b0000 - 0x00007ffee5a02000 	C:\Windows\SYSTEM32\inputhost.dll
0x00007ffeecb10000 - 0x00007ffeecc02000 	C:\Windows\SYSTEM32\CoreMessaging.dll
0x00007ffeebe10000 - 0x00007ffeebf04000 	C:\Windows\SYSTEM32\PROPSYS.dll
0x00007ffeebf40000 - 0x00007ffeec097000 	C:\Windows\SYSTEM32\wintypes.dll
0x00007ffeec7b0000 - 0x00007ffeecb0b000 	C:\Windows\SYSTEM32\CoreUIComponents.dll
0x00007ffeeebc0000 - 0x00007ffeeebf3000 	C:\Windows\SYSTEM32\ntmarta.dll
0x00007ffef13d0000 - 0x00007ffef14e5000 	C:\Windows\System32\MSCTF.dll
0x00007ffedfb30000 - 0x00007ffedfc58000 	C:\Windows\SYSTEM32\opengl32.dll
0x00007ffee19f0000 - 0x00007ffee1a1c000 	C:\Windows\SYSTEM32\GLU32.dll
0x00007ffef1300000 - 0x00007ffef13a9000 	C:\Windows\System32\clbcatq.dll
0x00007ffea27d0000 - 0x00007ffea34e6000 	C:\Windows\SYSTEM32\ig8icd64.dll
0x00007ffee6150000 - 0x00007ffee6b8f000 	C:\Windows\SYSTEM32\igdusc64.dll
0x00007ffeec2c0000 - 0x00007ffeec2d4000 	C:\Windows\SYSTEM32\WTSAPI32.dll
0x00007ffeeae10000 - 0x00007ffeeae4b000 	C:\Windows\SYSTEM32\dxcore.dll
0x00007ffeee220000 - 0x00007ffeee316000 	C:\Windows\SYSTEM32\dxgi.dll
0x00007ffeeb180000 - 0x00007ffeeb3e4000 	C:\Windows\SYSTEM32\d3d11.dll
0x00007ffee7240000 - 0x00007ffee8199000 	C:\Windows\SYSTEM32\igd10iumd64.dll
0x00007ffeef3a0000 - 0x00007ffeef3c7000 	C:\Windows\SYSTEM32\ncrypt.dll
0x00007ffeece30000 - 0x00007ffeecec4000 	C:\Windows\SYSTEM32\apphelp.dll
0x00007ffeef360000 - 0x00007ffeef39b000 	C:\Windows\SYSTEM32\NTASN1.dll
0x00007ffecb110000 - 0x00007ffecb16d000 	C:\Users\USER\AppData\Local\Temp\lwjgl_USER\3.3.6+1\x64\lwjgl_opengl.dll
0x00007ffee6d70000 - 0x00007ffee6e69000 	C:\Windows\SYSTEM32\textinputframework.dll
0x00007ffea1fc0000 - 0x00007ffea27c7000 	C:\Users\USER\AppData\Local\Temp\imgui-java-natives\1.90.0\imgui-java64.dll
0x00007ffee3f10000 - 0x00007ffee3f20000 	C:\Program Files\Eclipse Adoptium\jdk-21.0.6.7-hotspot\bin\verify.dll
0x00007ffec2b20000 - 0x00007ffec2bb9000 	C:\Users\USER\AppData\Local\Temp\lwjgl_USER\3.3.6+1\x64\lwjgl_stb.dll

dbghelp: loaded successfully - version: 4.0.5 - missing functions: none
symbol engine: initialized successfully - sym options: 0x614 - pdb path: .;C:\Program Files\Eclipse Adoptium\jdk-21.0.6.7-hotspot\bin;C:\Windows\SYSTEM32;C:\Windows\WinSxS\amd64_microsoft.windows.common-controls_6595b64144ccf1df_6.0.19041.6456_none_60b8a6cb71f64256;C:\Program Files\Eclipse Adoptium\jdk-21.0.6.7-hotspot\bin\server;C:\Users\USER\AppData\Local\Temp\lwjgl_USER\3.3.6+1\x64;C:\Users\USER\AppData\Local\Temp\imgui-java-natives\1.90.0

VM Arguments:
jvm_args: -Dfile.encoding=UTF-8 -Duser.country=EC -Duser.language=es -Duser.variant 
java_command: shadingblank.Launcher
java_class_path (initial): C:\Users\USER\Desktop\ShadingBlank\app\build\classes\java\main;C:\Users\USER\Desktop\ShadingBlank\app\build\resources\main;C:\Users\USER\.gradle\caches\modules-2\files-2.1\io.github.spair\imgui-java-app\1.90.0\f39a8f18081f83571f73485fc74c4caff83e16e7\imgui-java-app-1.90.0.jar;C:\Users\USER\.gradle\caches\modules-2\files-2.1\io.github.spair\imgui-java-lwjgl3\1.90.0\f7adf38b3a461e44e6b2fd16dc291d7866482738\imgui-java-lwjgl3-1.90.0.jar;C:\Users\USER\.gradle\caches\modules-2\files-2.1\org.lwjgl\lwjgl-assimp\3.3.6\931a8de55dd5ee546689119c85ed4d4af7fa68f2\lwjgl-assimp-3.3.6.jar;C:\Users\USER\.gradle\caches\modules-2\files-2.1\org.lwjgl\lwjgl-assimp\3.3.6\486fa1e2db9fc903a0cab984604cef1a895b0e28\lwjgl-assimp-3.3.6-natives-windows.jar;C:\Users\USER\.gradle\caches\modules-2\files-2.1\org.lwjgl\lwjgl-glfw\3.3.6\7119f7d0eeb1e5502ff0ca71d2b4d47317da015\lwjgl-glfw-3.3.6.jar;C:\Users\USER\.gradle\caches\modules-2\files-2.1\org.lwjgl\lwjgl-glfw\3.3.6\99ef08056feb9627f90425a4d2a22cd9fae8e39b\lwjgl-glfw-3.3.6-natives-windows.jar;C:\Users\USER\.gradle\caches\modules-2\files-2.1\org.lwjgl\lwjgl-glfw\3.3.6\797e0965709ad180d9b00c88a086dbda15002203\lwjgl-glfw-3.3.6-natives-linux.jar;C:\Users\USER\.gradle\caches\modules-2\files-2.1\org.lwjgl\lwjgl-glfw\3.3.6\82c8d748a654241b5961ddd1c098e8b648e38a48\lwjgl-glfw-3.3.6-natives-macos.jar;C:\Users\USER\.gradle\caches\modules-2\files-2.1\org.lwjgl\lwjgl-glfw\3.3.6\399b42b491c5dfa6595ae6fd79dcba61b93538a7\lwjgl-glfw-3.3.6-natives-macos-arm64.jar;C:\Users\USER\.gradle\caches\modules-2\files-2.1\org.lwjgl\lwjgl-opencl\3.3.6\93fdcea16d27b1466450e38dc28c8e1b4819ec25\lwjgl-opencl-3.3.6.jar;C:\Users\USER\.gradle\caches\modules-2\files-2.1\org.lwjgl\lwjgl-opengl\3.3.6\ac2532612a4df374e9a9282bcf8ce2573018ebbb\lwjgl-opengl-3.3.6.jar;C:\Users\USER\.gradle\caches\modules-2\files-2.1\org.lwjgl\lwjgl-opengl\3.3.6\18dc639ebc94aa5202c2157f7490d28997b697c5\lwjgl-opengl-3.3.6-natives-windows.jar;C:\Users\USER\.gradle\caches\modules-2\files-2.1\org.lwjgl\lwjgl-opengl\3.3.6\b8dc6467fe232d552793c53dc56f9fa8a385299c\lwjgl-opengl-3.3.6-natives-linux.jar;C:\Users\USER\.gradle\caches\modules-2\files-2.1\org.lwjgl\lwjgl-opengl\3.3.6\59f708eb4bf0be0204bbc9c06807911724673db6\lwjgl-opengl-3.3.6-natives-macos.jar;C:\Users\USER\.gradle\caches\modules-2\files-2.1\org.lwjgl\lwjgl-opengl\3.3.6\fee4fb2ee786af6530b6f9188205a76bc4e05268\lwjgl-opengl-3.3.6-natives-macos-arm64.jar;C:\Users\USER\.gradle\caches\modules-2\files-2.1\org.lwjgl\lwjgl-stb\3.3.6\e2d3739dcfe7b672b626ded66d94f6587083306e\lwjgl-stb-3.3.6.jar;C:\Users\USER\.gradle\caches\modules-2\files-2.1\org.lwjgl\lwjgl-stb\3.3.6\334cf885b39e2db9070c39e70e65efb136435f10\lwjgl-stb-3.3.6-natives-windows.jar;C:\Users\USER\.gradle\caches\modules-2\files-2.1\org.lwjgl\lwjgl\3.3.6\ce7721d30cfaf47feaed10213e0c43eb55c49d68\lwjgl-3.3.6.jar;C:\Users\USER\.gradle\caches\modules-2\files-2.1\org.lwjgl\lwjgl\3.3.6\9a29b6a22fc5184604b8cb434ee5d5ecc4bfcbee\lwjgl-3.3.6-natives-windows.jar;C:\Users\USER\.gradle\caches\modules-2\files-2.1\org.lwjgl\lwjgl\3.3.6\dc7db8fc4f1e6563867f9155b9a42d9c73d8992f\lwjgl-3.3.6-natives-linux.jar;C:\Users\USER\.gradle\caches\modules-2\files-2.1\org.lwjgl\lwjgl\3.3.6\f14e7a5289d2355822f4f83b3fd38d158c939acd\lwjgl-3.3.6-natives-macos.jar;C:\Users\USER\.gradle\caches\modules-2\files-2.1\org.lwjgl\lwjgl\3.3.6\832e2964ce74e02e768814a29c06d60645115b9a\lwjgl-3.3.6-natives-macos-arm64.jar;C:\Users\USER\.gradle\caches\modules-2\files-2.1\org.joml\joml\1.10.8\fc0a71dad90a2cf41d82a76156a0e700af8e4f8d\joml-1.10.8.jar;C:\Users\USER\.gradle\caches\modules-2\files-2.1\org.jetbrains.kotlin\kotlin-stdlib-jdk8\1.8.20\73576ddf378c5b4f1f6b449fe6b119b8183fc078\kotlin-stdlib-jdk8-1.8.20.jar;C:\Users\USER\.gradle\caches\modules-2\files-2.1\io.github.spair\imgui-java-binding\1.90.0\5be1d6a471c97f90de18d2cbe14754dd132ee8ab\imgui-java-binding-1.90.0.jar;C:\Users\USER\.gradle\caches\modules-2\files-2.1\org.jetbrains.kotlin\kotlin-stdlib-jdk7\1.8.20\3aa51faf20aae8b31e1a4bc54f8370673d7b7df4\kotlin-stdlib-jdk7-1.8.20.jar;C:\Users\USER\.gradle\caches\modules-2\files-2.1\org.jetbrains.kotlin\kotlin-stdlib\1.8.20\e72fc5e03ec6c064c678a6bd0d955c88d55b0c4a\kotlin-stdlib-1.8.20.jar;C:\Users\USER\.gradle\caches\modules-2\files-2.1\org.jetbrains.kotlin\kotlin-stdlib-common\1.8.20\5eddaaf234c8c49d03eebeb6a14feb7f90faca71\kotlin-stdlib-common-1.8.20.jar;C:\Users\USER\.gradle\caches\modules-2\files-2.1\org.jetbrains\annotations\13.0\919f0dfe192fb4e063e7dacadee7f8bb9a2672a9\annotations-13.0.jar
Launcher Type: SUN_STANDARD

[Global flags]
     intx CICompilerCount                          = 2                                         {product} {ergonomic}
     uint ConcGCThreads                            = 1                                         {product} {ergonomic}
     uint G1ConcRefinementThreads                  = 2                                         {product} {ergonomic}
   size_t G1HeapRegionSize                         = 1048576                                   {product} {ergonomic}
    uintx GCDrainStackTargetSize                   = 64                                        {product} {ergonomic}
   size_t InitialHeapSize                          = 65011712                                  {product} {ergonomic}
   size_t MarkStackSize                            = 4194304                                   {product} {ergonomic}
   size_t MaxHeapSize                              = 1033895936                                {product} {ergonomic}
   size_t MaxNewSize                               = 619708416                                 {product} {ergonomic}
   size_t MinHeapDeltaBytes                        = 1048576                                   {product} {ergonomic}
   size_t MinHeapSize                              = 8388608                                   {product} {ergonomic}
    uintx NonNMethodCodeHeapSize                   = 5826188                                {pd product} {ergonomic}
    uintx NonProfiledCodeHeapSize                  = 122916026                              {pd product} {ergonomic}
    uintx ProfiledCodeHeapSize                     = 122916026                              {pd product} {ergonomic}
    uintx ReservedCodeCacheSize                    = 251658240                              {pd product} {ergonomic}
     bool SegmentedCodeCache                       = true                                      {product} {ergonomic}
   size_t SoftMaxHeapSize                          = 1033895936                             {manageable} {ergonomic}
     bool UseCompressedOops                        = true                           {product lp64_product} {ergonomic}
     bool UseG1GC                                  = true                                      {product} {ergonomic}
     bool UseLargePagesIndividualAllocation        = false                                  {pd product} {ergonomic}

Logging:
Log output configuration:
 #0: stdout all=warning uptime,level,tags foldmultilines=false
 #1: stderr all=off uptime,level,tags foldmultilines=false

Environment Variables:
JAVA_HOME=C:\Program Files\Eclipse Adoptium\jdk-21.0.6.7-hotspot
CLASSPATH=C:\workspace\gradle-8.8\lib\gradle-launcher-8.8.jar
PATH=C:\Program Files\Eclipse Adoptium\jdk-21.0.6.7-hotspot\bin;C:\Users\USER\AppData\Local\Programs\Python\Python312\Scripts\;C:\Users\USER\AppData\Local\Programs\Python\Python312\;C:\Windows\system32;C:\Windows;C:\Windows\System32\Wbem;C:\Windows\System32\WindowsPowerShell\v1.0\;C:\Windows\System32\OpenSSH\;C:\mingw64\bin;C:\workspace\gradle-8.8\bin;C:\workspace\php;C:\Program Files (x86)\ZeroTier\One\;C:\Program Files\nodejs\;C:\ProgramData\chocolatey\bin;C:\Program Files\CMake\bin;C:\Program Files\Git\cmd;C:\mingw64\bin;C:\Windows\system32;C:\Program Files\Eclipse Adoptium\jdk-21.0.4.7-hotspot\bin;C:\Users\USER\AppData\Roaming\npm;C:\workspace\apache-maven-3.9.9\bin;C:\Users\USER\AppData\Local\Pandoc\;C:\Users\USER\AppData\Local\Programs\Microsoft VS Code\bin
USERNAME=USER
OS=Windows_NT
PROCESSOR_IDENTIFIER=Intel64 Family 6 Model 76 Stepping 4, GenuineIntel
TMP=C:\Users\USER\AppData\Local\Temp
TEMP=C:\Users\USER\AppData\Local\Temp




Periodic native trim disabled

---------------  S Y S T E M  ---------------

OS:
 Windows 10 , 64 bit Build 19041 (10.0.19041.5915)
OS uptime: 1 days 23:55 hours
Hyper-V role detected

CPU: total 2 (initial active 2) (2 cores per cpu, 1 threads per core) family 6 model 76 stepping 4 microcode 0x411, cx8, cmov, fxsr, mmx, 3dnowpref, sse, sse2, sse3, ssse3, sse4.1, sse4.2, popcnt, tsc, tscinvbit, aes, erms, clmul, clflush, hv, rdtscp
Processor Information for the first 2 processors :
  Max Mhz: 1600, Current Mhz: 1600, Mhz Limit: 1600

Memory: 4k page, system-wide physical 3941M (1042M free)
TotalPageFile size 6717M (AvailPageFile size 2100M)
current process WorkingSet (physical memory assigned to process): 103M, peak: 104M
current process commit charge ("private bytes"): 194M, peak: 196M

vm_info: OpenJDK 64-Bit Server VM (21.0.6+7-LTS) for windows-amd64 JRE (21.0.6+7-LTS), built on 2025-01-21T00:00:00Z by "admin" with MS VC++ 17.7 (VS2022)

END.
